{"/Users/john/projects/self-expression/src/ts/cli.ts": {"path":"/Users/john/projects/self-expression/src/ts/cli.ts","statementMap":{"0":{"start":{"line":14,"column":0},"end":{"line":17,"column":null}},"1":{"start":{"line":15,"column":33},"end":{"line":15,"column":54}},"2":{"start":{"line":16,"column":33},"end":{"line":16,"column":54}}},"fnMap":{"0":{"name":"(anonymous_0)","decl":{"start":{"line":15,"column":2},"end":{"line":15,"column":8}},"loc":{"start":{"line":15,"column":31},"end":{"line":15,"column":null}},"line":15},"1":{"name":"(anonymous_1)","decl":{"start":{"line":16,"column":2},"end":{"line":16,"column":8}},"loc":{"start":{"line":16,"column":31},"end":{"line":16,"column":null}},"line":16}},"branchMap":{},"s":{"0":0,"1":0,"2":0},"f":{"0":0,"1":0},"b":{},"meta":{"lastBranch":0,"lastFunction":2,"lastStatement":3,"seen":{"s:14:0:17:Infinity":0,"f:15:2:15:8":0,"s:15:33:15:54":1,"f:16:2:16:8":1,"s:16:33:16:54":2},"fnNames":{}}}
,"/Users/john/projects/self-expression/src/ts/cli_commands.ts": {"path":"/Users/john/projects/self-expression/src/ts/cli_commands.ts","statementMap":{"0":{"start":{"line":45,"column":18},"end":{"line":45,"column":null}},"1":{"start":{"line":47,"column":2},"end":{"line":47,"column":null}},"2":{"start":{"line":47,"column":64},"end":{"line":47,"column":89}},"3":{"start":{"line":48,"column":2},"end":{"line":48,"column":null}},"4":{"start":{"line":48,"column":64},"end":{"line":48,"column":89}},"5":{"start":{"line":49,"column":2},"end":{"line":49,"column":null}},"6":{"start":{"line":49,"column":66},"end":{"line":49,"column":91}},"7":{"start":{"line":51,"column":2},"end":{"line":51,"column":null}},"8":{"start":{"line":65,"column":2},"end":{"line":74,"column":null}},"9":{"start":{"line":92,"column":18},"end":{"line":92,"column":null}},"10":{"start":{"line":94,"column":2},"end":{"line":109,"column":null}},"11":{"start":{"line":97,"column":6},"end":{"line":97,"column":null}},"12":{"start":{"line":98,"column":6},"end":{"line":98,"column":null}},"13":{"start":{"line":101,"column":6},"end":{"line":101,"column":null}},"14":{"start":{"line":102,"column":6},"end":{"line":102,"column":null}},"15":{"start":{"line":105,"column":6},"end":{"line":105,"column":null}},"16":{"start":{"line":106,"column":6},"end":{"line":106,"column":null}},"17":{"start":{"line":107,"column":6},"end":{"line":107,"column":null}}},"fnMap":{"0":{"name":"parseCommand","decl":{"start":{"line":43,"column":16},"end":{"line":43,"column":29}},"loc":{"start":{"line":43,"column":66},"end":{"line":53,"column":null}},"line":43},"1":{"name":"helpText","decl":{"start":{"line":64,"column":16},"end":{"line":64,"column":35}},"loc":{"start":{"line":64,"column":35},"end":{"line":75,"column":null}},"line":64},"2":{"name":"run","decl":{"start":{"line":90,"column":16},"end":{"line":90,"column":20}},"loc":{"start":{"line":90,"column":74},"end":{"line":111,"column":null}},"line":90}},"branchMap":{"0":{"loc":{"start":{"line":47,"column":2},"end":{"line":47,"column":null}},"type":"if","locations":[{"start":{"line":47,"column":2},"end":{"line":47,"column":null}},{"start":{},"end":{}}],"line":47},"1":{"loc":{"start":{"line":48,"column":2},"end":{"line":48,"column":null}},"type":"if","locations":[{"start":{"line":48,"column":2},"end":{"line":48,"column":null}},{"start":{},"end":{}}],"line":48},"2":{"loc":{"start":{"line":49,"column":2},"end":{"line":49,"column":null}},"type":"if","locations":[{"start":{"line":49,"column":2},"end":{"line":49,"column":null}},{"start":{},"end":{}}],"line":49},"3":{"loc":{"start":{"line":49,"column":6},"end":{"line":49,"column":64}},"type":"binary-expr","locations":[{"start":{"line":49,"column":6},"end":{"line":49,"column":26}},{"start":{"line":49,"column":26},"end":{"line":49,"column":48}},{"start":{"line":49,"column":48},"end":{"line":49,"column":64}}],"line":49},"4":{"loc":{"start":{"line":94,"column":2},"end":{"line":109,"column":null}},"type":"switch","locations":[{"start":{"line":96,"column":4},"end":{"line":98,"column":null}},{"start":{"line":100,"column":4},"end":{"line":102,"column":null}},{"start":{"line":104,"column":4},"end":{"line":107,"column":null}}],"line":94}},"s":{"0":400,"1":400,"2":8,"3":392,"4":0,"5":392,"6":0,"7":392,"8":100,"9":100,"10":100,"11":8,"12":8,"13":0,"14":0,"15":92,"16":92,"17":92},"f":{"0":400,"1":100,"2":100},"b":{"0":[8,392],"1":[0,392],"2":[0,392],"3":[392,392,392],"4":[8,0,92]},"meta":{"lastBranch":5,"lastFunction":3,"lastStatement":18,"seen":{"f:43:16:43:29":0,"s:45:18:45:Infinity":0,"b:47:2:47:Infinity:undefined:undefined:undefined:undefined":0,"s:47:2:47:Infinity":1,"s:47:64:47:89":2,"b:48:2:48:Infinity:undefined:undefined:undefined:undefined":1,"s:48:2:48:Infinity":3,"s:48:64:48:89":4,"b:49:2:49:Infinity:undefined:undefined:undefined:undefined":2,"s:49:2:49:Infinity":5,"b:49:6:49:26:49:26:49:48:49:48:49:64":3,"s:49:66:49:91":6,"s:51:2:51:Infinity":7,"f:64:16:64:35":1,"s:65:2:74:Infinity":8,"f:90:16:90:20":2,"s:92:18:92:Infinity":9,"b:96:4:98:Infinity:100:4:102:Infinity:104:4:107:Infinity":4,"s:94:2:109:Infinity":10,"s:97:6:97:Infinity":11,"s:98:6:98:Infinity":12,"s:101:6:101:Infinity":13,"s:102:6:102:Infinity":14,"s:105:6:105:Infinity":15,"s:106:6:106:Infinity":16,"s:107:6:107:Infinity":17},"fnNames":{}}}
,"/Users/john/projects/self-expression/src/ts/index.ts": {"path":"/Users/john/projects/self-expression/src/ts/index.ts","statementMap":{},"fnMap":{},"branchMap":{},"s":{},"f":{},"b":{},"meta":{"lastBranch":0,"lastFunction":0,"lastStatement":0,"seen":{},"fnNames":{}}}
,"/Users/john/projects/self-expression/src/ts/stub.ts": {"path":"/Users/john/projects/self-expression/src/ts/stub.ts","statementMap":{"0":{"start":{"line":37,"column":2},"end":{"line":39,"column":null}},"1":{"start":{"line":38,"column":4},"end":{"line":38,"column":null}},"2":{"start":{"line":41,"column":2},"end":{"line":41,"column":null}}},"fnMap":{"0":{"name":"double","decl":{"start":{"line":35,"column":16},"end":{"line":35,"column":23}},"loc":{"start":{"line":35,"column":42},"end":{"line":43,"column":null}},"line":35},"1":{"name":"unhandled_internal","decl":{"start":{"line":51,"column":16},"end":{"line":51,"column":43}},"loc":{"start":{"line":51,"column":43},"end":{"line":51,"column":null}},"line":51},"2":{"name":"unhandled_external","decl":{"start":{"line":55,"column":16},"end":{"line":55,"column":43}},"loc":{"start":{"line":55,"column":43},"end":{"line":55,"column":null}},"line":55}},"branchMap":{"0":{"loc":{"start":{"line":37,"column":2},"end":{"line":39,"column":null}},"type":"if","locations":[{"start":{"line":37,"column":2},"end":{"line":39,"column":null}},{"start":{},"end":{}}],"line":37}},"s":{"0":100,"1":0,"2":100},"f":{"0":100,"1":0,"2":0},"b":{"0":[0,100]},"meta":{"lastBranch":1,"lastFunction":3,"lastStatement":3,"seen":{"f:35:16:35:23":0,"b:37:2:39:Infinity:undefined:undefined:undefined:undefined":0,"s:37:2:39:Infinity":0,"s:38:4:38:Infinity":1,"s:41:2:41:Infinity":2,"f:51:16:51:43":1,"f:55:16:55:43":2},"fnNames":{}}}
,"/Users/john/projects/self-expression/src/ts/channels/paths.ts": {"path":"/Users/john/projects/self-expression/src/ts/channels/paths.ts","statementMap":{"0":{"start":{"line":23,"column":24},"end":{"line":23,"column":null}},"1":{"start":{"line":26,"column":27},"end":{"line":26,"column":null}},"2":{"start":{"line":29,"column":23},"end":{"line":29,"column":null}},"3":{"start":{"line":54,"column":19},"end":{"line":54,"column":null}},"4":{"start":{"line":56,"column":2},"end":{"line":56,"column":null}},"5":{"start":{"line":56,"column":64},"end":{"line":56,"column":81}},"6":{"start":{"line":58,"column":2},"end":{"line":58,"column":null}},"7":{"start":{"line":72,"column":2},"end":{"line":72,"column":null}}},"fnMap":{"0":{"name":"dataDir","decl":{"start":{"line":49,"column":16},"end":{"line":49,"column":null}},"loc":{"start":{"line":52,"column":10},"end":{"line":60,"column":null}},"line":52},"1":{"name":"dbPath","decl":{"start":{"line":68,"column":16},"end":{"line":68,"column":null}},"loc":{"start":{"line":71,"column":10},"end":{"line":73,"column":null}},"line":71}},"branchMap":{"0":{"loc":{"start":{"line":50,"column":2},"end":{"line":50,"column":null}},"type":"default-arg","locations":[{"start":{"line":50,"column":46},"end":{"line":50,"column":null}}],"line":50},"1":{"loc":{"start":{"line":51,"column":2},"end":{"line":51,"column":54}},"type":"default-arg","locations":[{"start":{"line":51,"column":46},"end":{"line":51,"column":54}}],"line":51},"2":{"loc":{"start":{"line":56,"column":2},"end":{"line":56,"column":null}},"type":"if","locations":[{"start":{"line":56,"column":2},"end":{"line":56,"column":null}},{"start":{},"end":{}}],"line":56},"3":{"loc":{"start":{"line":56,"column":6},"end":{"line":56,"column":62}},"type":"binary-expr","locations":[{"start":{"line":56,"column":6},"end":{"line":56,"column":38}},{"start":{"line":56,"column":38},"end":{"line":56,"column":62}}],"line":56},"4":{"loc":{"start":{"line":69,"column":2},"end":{"line":69,"column":null}},"type":"default-arg","locations":[{"start":{"line":69,"column":46},"end":{"line":69,"column":null}}],"line":69},"5":{"loc":{"start":{"line":70,"column":2},"end":{"line":70,"column":54}},"type":"default-arg","locations":[{"start":{"line":70,"column":46},"end":{"line":70,"column":54}}],"line":70}},"s":{"0":0,"1":0,"2":0,"3":0,"4":0,"5":0,"6":0,"7":0},"f":{"0":0,"1":0},"b":{"0":[0],"1":[0],"2":[0,0],"3":[0,0],"4":[0],"5":[0]},"meta":{"lastBranch":6,"lastFunction":2,"lastStatement":8,"seen":{"s:23:24:23:Infinity":0,"s:26:27:26:Infinity":1,"s:29:23:29:Infinity":2,"f:49:16:49:Infinity":0,"b:50:46:50:Infinity":0,"b:51:46:51:54":1,"s:54:19:54:Infinity":3,"b:56:2:56:Infinity:undefined:undefined:undefined:undefined":2,"s:56:2:56:Infinity":4,"b:56:6:56:38:56:38:56:62":3,"s:56:64:56:81":5,"s:58:2:58:Infinity":6,"f:68:16:68:Infinity":1,"b:69:46:69:Infinity":4,"b:70:46:70:54":5,"s:72:2:72:Infinity":7},"fnNames":{}}}
,"/Users/john/projects/self-expression/src/ts/channels/schema.ts": {"path":"/Users/john/projects/self-expression/src/ts/channels/schema.ts","statementMap":{"0":{"start":{"line":31,"column":30},"end":{"line":31,"column":null}},"1":{"start":{"line":47,"column":2},"end":{"line":47,"column":null}},"2":{"start":{"line":47,"column":74},"end":{"line":47,"column":82}},"3":{"start":{"line":51,"column":27},"end":{"line":102,"column":null}},"4":{"start":{"line":116,"column":24},"end":{"line":116,"column":null}},"5":{"start":{"line":128,"column":26},"end":{"line":128,"column":null}},"6":{"start":{"line":136,"column":44},"end":{"line":141,"column":null}},"7":{"start":{"line":152,"column":42},"end":{"line":157,"column":null}}},"fnMap":{"0":{"name":"check","decl":{"start":{"line":46,"column":16},"end":{"line":46,"column":22}},"loc":{"start":{"line":46,"column":77},"end":{"line":48,"column":null}},"line":46},"1":{"name":"(anonymous_1)","decl":{"start":{"line":47,"column":65},"end":{"line":47,"column":69}},"loc":{"start":{"line":47,"column":74},"end":{"line":47,"column":82}},"line":47}},"branchMap":{},"s":{"0":0,"1":0,"2":0,"3":0,"4":0,"5":0,"6":0,"7":0},"f":{"0":0,"1":0},"b":{},"meta":{"lastBranch":0,"lastFunction":2,"lastStatement":8,"seen":{"s:31:30:31:Infinity":0,"f:46:16:46:22":0,"s:47:2:47:Infinity":1,"f:47:65:47:69":1,"s:47:74:47:82":2,"s:51:27:102:Infinity":3,"s:116:24:116:Infinity":4,"s:128:26:128:Infinity":5,"s:136:44:141:Infinity":6,"s:152:42:157:Infinity":7},"fnNames":{}}}
,"/Users/john/projects/self-expression/src/ts/channels/vocabulary.ts": {"path":"/Users/john/projects/self-expression/src/ts/channels/vocabulary.ts","statementMap":{"0":{"start":{"line":18,"column":24},"end":{"line":29,"column":null}},"1":{"start":{"line":32,"column":25},"end":{"line":32,"column":null}},"2":{"start":{"line":35,"column":22},"end":{"line":35,"column":null}},"3":{"start":{"line":43,"column":21},"end":{"line":43,"column":null}},"4":{"start":{"line":46,"column":23},"end":{"line":46,"column":null}},"5":{"start":{"line":57,"column":34},"end":{"line":62,"column":null}},"6":{"start":{"line":72,"column":32},"end":{"line":78,"column":null}},"7":{"start":{"line":87,"column":26},"end":{"line":94,"column":null}},"8":{"start":{"line":114,"column":35},"end":{"line":114,"column":null}},"9":{"start":{"line":142,"column":2},"end":{"line":142,"column":null}},"10":{"start":{"line":155,"column":2},"end":{"line":155,"column":null}},"11":{"start":{"line":155,"column":29},"end":{"line":155,"column":37}}},"fnMap":{"0":{"name":"isMember","decl":{"start":{"line":138,"column":16},"end":{"line":138,"column":null}},"loc":{"start":{"line":141,"column":14},"end":{"line":143,"column":null}},"line":141},"1":{"name":"describeVocabulary","decl":{"start":{"line":154,"column":16},"end":{"line":154,"column":35}},"loc":{"start":{"line":154,"column":74},"end":{"line":156,"column":null}},"line":154},"2":{"name":"(anonymous_2)","decl":{"start":{"line":155,"column":20},"end":{"line":155,"column":24}},"loc":{"start":{"line":155,"column":29},"end":{"line":155,"column":37}},"line":155}},"branchMap":{"0":{"loc":{"start":{"line":142,"column":9},"end":{"line":142,"column":null}},"type":"binary-expr","locations":[{"start":{"line":142,"column":9},"end":{"line":142,"column":39}},{"start":{"line":142,"column":39},"end":{"line":142,"column":null}}],"line":142}},"s":{"0":0,"1":0,"2":0,"3":0,"4":0,"5":0,"6":0,"7":0,"8":0,"9":0,"10":0,"11":0},"f":{"0":0,"1":0,"2":0},"b":{"0":[0,0]},"meta":{"lastBranch":1,"lastFunction":3,"lastStatement":12,"seen":{"s:18:24:29:Infinity":0,"s:32:25:32:Infinity":1,"s:35:22:35:Infinity":2,"s:43:21:43:Infinity":3,"s:46:23:46:Infinity":4,"s:57:34:62:Infinity":5,"s:72:32:78:Infinity":6,"s:87:26:94:Infinity":7,"s:114:35:114:Infinity":8,"f:138:16:138:Infinity":0,"s:142:2:142:Infinity":9,"b:142:9:142:39:142:39:142:Infinity":0,"f:154:16:154:35":1,"s:155:2:155:Infinity":10,"f:155:20:155:24":2,"s:155:29:155:37":11},"fnNames":{}}}
}
