{"C:\\Users\\john\\projects\\worktrees\\stonecypher_self-expression_feat_26-08-28_channel-extensions-42_2\\src\\ts\\cli.ts": {"path":"C:\\Users\\john\\projects\\worktrees\\stonecypher_self-expression_feat_26-08-28_channel-extensions-42_2\\src\\ts\\cli.ts","statementMap":{"0":{"start":{"line":35,"column":2},"end":{"line":43,"column":null}},"1":{"start":{"line":36,"column":30},"end":{"line":36,"column":null}},"2":{"start":{"line":37,"column":4},"end":{"line":39,"column":null}},"3":{"start":{"line":38,"column":6},"end":{"line":38,"column":null}},"4":{"start":{"line":40,"column":4},"end":{"line":40,"column":null}},"5":{"start":{"line":42,"column":4},"end":{"line":42,"column":null}},"6":{"start":{"line":48,"column":2},"end":{"line":55,"column":null}},"7":{"start":{"line":49,"column":28},"end":{"line":49,"column":null}},"8":{"start":{"line":50,"column":4},"end":{"line":50,"column":null}},"9":{"start":{"line":51,"column":4},"end":{"line":51,"column":null}},"10":{"start":{"line":51,"column":47},"end":{"line":51,"column":74}},"11":{"start":{"line":52,"column":4},"end":{"line":52,"column":null}},"12":{"start":{"line":54,"column":4},"end":{"line":54,"column":null}},"13":{"start":{"line":68,"column":14},"end":{"line":68,"column":null}},"14":{"start":{"line":70,"column":29},"end":{"line":70,"column":null}},"15":{"start":{"line":71,"column":2},"end":{"line":71,"column":null}},"16":{"start":{"line":71,"column":8},"end":{"line":71,"column":50}},"17":{"start":{"line":73,"column":28},"end":{"line":73,"column":null}},"18":{"start":{"line":74,"column":2},"end":{"line":74,"column":null}},"19":{"start":{"line":74,"column":8},"end":{"line":74,"column":29}},"20":{"start":{"line":76,"column":17},"end":{"line":76,"column":null}},"21":{"start":{"line":78,"column":2},"end":{"line":78,"column":null}},"22":{"start":{"line":78,"column":25},"end":{"line":78,"column":71}},"23":{"start":{"line":82,"column":16},"end":{"line":85,"column":null}},"24":{"start":{"line":83,"column":33},"end":{"line":83,"column":54}},"25":{"start":{"line":84,"column":33},"end":{"line":84,"column":54}},"26":{"start":{"line":87,"column":0},"end":{"line":92,"column":null}},"27":{"start":{"line":87,"column":47},"end":{"line":87,"column":70}},"28":{"start":{"line":88,"column":18},"end":{"line":88,"column":38}},"29":{"start":{"line":90,"column":4},"end":{"line":90,"column":null}},"30":{"start":{"line":91,"column":4},"end":{"line":91,"column":null}}},"fnMap":{"0":{"name":"version","decl":{"start":{"line":34,"column":9},"end":{"line":34,"column":27}},"loc":{"start":{"line":34,"column":27},"end":{"line":44,"column":null}},"line":34},"1":{"name":"readStdin","decl":{"start":{"line":47,"column":15},"end":{"line":47,"column":44}},"loc":{"start":{"line":47,"column":44},"end":{"line":56,"column":null}},"line":47},"2":{"name":"runHook","decl":{"start":{"line":66,"column":15},"end":{"line":66,"column":23}},"loc":{"start":{"line":66,"column":52},"end":{"line":80,"column":null}},"line":66},"3":{"name":"(anonymous_3)","decl":{"start":{"line":83,"column":2},"end":{"line":83,"column":8}},"loc":{"start":{"line":83,"column":31},"end":{"line":83,"column":null}},"line":83},"4":{"name":"(anonymous_4)","decl":{"start":{"line":84,"column":2},"end":{"line":84,"column":8}},"loc":{"start":{"line":84,"column":31},"end":{"line":84,"column":null}},"line":84},"5":{"name":"(anonymous_5)","decl":{"start":{"line":87,"column":32},"end":{"line":87,"column":47}},"loc":{"start":{"line":87,"column":47},"end":{"line":87,"column":70}},"line":87},"6":{"name":"(anonymous_6)","decl":{"start":{"line":88,"column":3},"end":{"line":88,"column":8}},"loc":{"start":{"line":88,"column":16},"end":{"line":88,"column":39}},"line":88},"7":{"name":"(anonymous_7)","decl":{"start":{"line":89,"column":3},"end":{"line":89,"column":10}},"loc":{"start":{"line":89,"column":29},"end":{"line":92,"column":3}},"line":89}},"branchMap":{"0":{"loc":{"start":{"line":37,"column":4},"end":{"line":39,"column":null}},"type":"if","locations":[{"start":{"line":37,"column":4},"end":{"line":39,"column":null}},{"start":{},"end":{}}],"line":37},"1":{"loc":{"start":{"line":37,"column":8},"end":{"line":37,"column":84}},"type":"binary-expr","locations":[{"start":{"line":37,"column":8},"end":{"line":37,"column":40}},{"start":{"line":37,"column":40},"end":{"line":37,"column":61}},{"start":{"line":37,"column":61},"end":{"line":37,"column":84}}],"line":37},"2":{"loc":{"start":{"line":78,"column":2},"end":{"line":78,"column":null}},"type":"if","locations":[{"start":{"line":78,"column":2},"end":{"line":78,"column":null}},{"start":{},"end":{}}],"line":78},"3":{"loc":{"start":{"line":90,"column":38},"end":{"line":90,"column":94}},"type":"cond-expr","locations":[{"start":{"line":90,"column":63},"end":{"line":90,"column":79}},{"start":{"line":90,"column":79},"end":{"line":90,"column":94}}],"line":90}},"s":{"0":0,"1":0,"2":0,"3":0,"4":0,"5":0,"6":0,"7":0,"8":0,"9":0,"10":0,"11":0,"12":0,"13":0,"14":0,"15":0,"16":0,"17":0,"18":0,"19":0,"20":0,"21":0,"22":0,"23":0,"24":0,"25":0,"26":0,"27":0,"28":0,"29":0,"30":0},"f":{"0":0,"1":0,"2":0,"3":0,"4":0,"5":0,"6":0,"7":0},"b":{"0":[0,0],"1":[0,0,0],"2":[0,0],"3":[0,0]},"meta":{"lastBranch":4,"lastFunction":8,"lastStatement":31,"seen":{"f:34:9:34:27":0,"s:35:2:43:Infinity":0,"s:36:30:36:Infinity":1,"b:37:4:39:Infinity:undefined:undefined:undefined:undefined":0,"s:37:4:39:Infinity":2,"b:37:8:37:40:37:40:37:61:37:61:37:84":1,"s:38:6:38:Infinity":3,"s:40:4:40:Infinity":4,"s:42:4:42:Infinity":5,"f:47:15:47:44":1,"s:48:2:55:Infinity":6,"s:49:28:49:Infinity":7,"s:50:4:50:Infinity":8,"s:51:4:51:Infinity":9,"s:51:47:51:74":10,"s:52:4:52:Infinity":11,"s:54:4:54:Infinity":12,"f:66:15:66:23":2,"s:68:14:68:Infinity":13,"s:70:29:70:Infinity":14,"s:71:2:71:Infinity":15,"s:71:8:71:50":16,"s:73:28:73:Infinity":17,"s:74:2:74:Infinity":18,"s:74:8:74:29":19,"s:76:17:76:Infinity":20,"b:78:2:78:Infinity:undefined:undefined:undefined:undefined":2,"s:78:2:78:Infinity":21,"s:78:25:78:71":22,"s:82:16:85:Infinity":23,"f:83:2:83:8":3,"s:83:33:83:54":24,"f:84:2:84:8":4,"s:84:33:84:54":25,"s:87:0:92:Infinity":26,"f:87:32:87:47":5,"s:87:47:87:70":27,"f:88:3:88:8":6,"s:88:18:88:38":28,"f:89:3:89:10":7,"s:90:4:90:Infinity":29,"b:90:63:90:79:90:79:90:94":3,"s:91:4:91:Infinity":30},"fnNames":{}}}
,"C:\\Users\\john\\projects\\worktrees\\stonecypher_self-expression_feat_26-08-28_channel-extensions-42_2\\src\\ts\\cli_commands.ts": {"path":"C:\\Users\\john\\projects\\worktrees\\stonecypher_self-expression_feat_26-08-28_channel-extensions-42_2\\src\\ts\\cli_commands.ts","statementMap":{"0":{"start":{"line":46,"column":18},"end":{"line":46,"column":null}},"1":{"start":{"line":48,"column":2},"end":{"line":48,"column":null}},"2":{"start":{"line":48,"column":64},"end":{"line":48,"column":89}},"3":{"start":{"line":49,"column":2},"end":{"line":49,"column":null}},"4":{"start":{"line":49,"column":64},"end":{"line":49,"column":89}},"5":{"start":{"line":50,"column":2},"end":{"line":50,"column":null}},"6":{"start":{"line":50,"column":64},"end":{"line":50,"column":110}},"7":{"start":{"line":51,"column":2},"end":{"line":51,"column":null}},"8":{"start":{"line":51,"column":66},"end":{"line":51,"column":91}},"9":{"start":{"line":53,"column":2},"end":{"line":53,"column":null}},"10":{"start":{"line":67,"column":2},"end":{"line":77,"column":null}},"11":{"start":{"line":106,"column":18},"end":{"line":106,"column":null}},"12":{"start":{"line":108,"column":2},"end":{"line":108,"column":null}},"13":{"start":{"line":108,"column":33},"end":{"line":108,"column":63}},"14":{"start":{"line":108,"column":63},"end":{"line":108,"column":73}},"15":{"start":{"line":109,"column":2},"end":{"line":109,"column":null}},"16":{"start":{"line":109,"column":33},"end":{"line":109,"column":63}},"17":{"start":{"line":109,"column":63},"end":{"line":109,"column":73}},"18":{"start":{"line":111,"column":2},"end":{"line":111,"column":null}},"19":{"start":{"line":130,"column":18},"end":{"line":130,"column":null}},"20":{"start":{"line":132,"column":2},"end":{"line":148,"column":null}},"21":{"start":{"line":135,"column":6},"end":{"line":135,"column":null}},"22":{"start":{"line":136,"column":6},"end":{"line":136,"column":null}},"23":{"start":{"line":140,"column":6},"end":{"line":140,"column":null}},"24":{"start":{"line":141,"column":6},"end":{"line":141,"column":null}},"25":{"start":{"line":144,"column":6},"end":{"line":144,"column":null}},"26":{"start":{"line":145,"column":6},"end":{"line":145,"column":null}},"27":{"start":{"line":146,"column":6},"end":{"line":146,"column":null}}},"fnMap":{"0":{"name":"parseCommand","decl":{"start":{"line":44,"column":16},"end":{"line":44,"column":29}},"loc":{"start":{"line":44,"column":66},"end":{"line":55,"column":null}},"line":44},"1":{"name":"helpText","decl":{"start":{"line":66,"column":16},"end":{"line":66,"column":35}},"loc":{"start":{"line":66,"column":35},"end":{"line":78,"column":null}},"line":66},"2":{"name":"runAsync","decl":{"start":{"line":99,"column":22},"end":{"line":99,"column":null}},"loc":{"start":{"line":104,"column":19},"end":{"line":113,"column":null}},"line":104},"3":{"name":"run","decl":{"start":{"line":128,"column":16},"end":{"line":128,"column":20}},"loc":{"start":{"line":128,"column":74},"end":{"line":150,"column":null}},"line":128}},"branchMap":{"0":{"loc":{"start":{"line":48,"column":2},"end":{"line":48,"column":null}},"type":"if","locations":[{"start":{"line":48,"column":2},"end":{"line":48,"column":null}},{"start":{},"end":{}}],"line":48},"1":{"loc":{"start":{"line":49,"column":2},"end":{"line":49,"column":null}},"type":"if","locations":[{"start":{"line":49,"column":2},"end":{"line":49,"column":null}},{"start":{},"end":{}}],"line":49},"2":{"loc":{"start":{"line":50,"column":2},"end":{"line":50,"column":null}},"type":"if","locations":[{"start":{"line":50,"column":2},"end":{"line":50,"column":null}},{"start":{},"end":{}}],"line":50},"3":{"loc":{"start":{"line":50,"column":93},"end":{"line":50,"column":107}},"type":"binary-expr","locations":[{"start":{"line":50,"column":93},"end":{"line":50,"column":104}},{"start":{"line":50,"column":104},"end":{"line":50,"column":107}}],"line":50},"4":{"loc":{"start":{"line":51,"column":2},"end":{"line":51,"column":null}},"type":"if","locations":[{"start":{"line":51,"column":2},"end":{"line":51,"column":null}},{"start":{},"end":{}}],"line":51},"5":{"loc":{"start":{"line":51,"column":6},"end":{"line":51,"column":64}},"type":"binary-expr","locations":[{"start":{"line":51,"column":6},"end":{"line":51,"column":26}},{"start":{"line":51,"column":26},"end":{"line":51,"column":48}},{"start":{"line":51,"column":48},"end":{"line":51,"column":64}}],"line":51},"6":{"loc":{"start":{"line":108,"column":2},"end":{"line":108,"column":null}},"type":"if","locations":[{"start":{"line":108,"column":2},"end":{"line":108,"column":null}},{"start":{},"end":{}}],"line":108},"7":{"loc":{"start":{"line":109,"column":2},"end":{"line":109,"column":null}},"type":"if","locations":[{"start":{"line":109,"column":2},"end":{"line":109,"column":null}},{"start":{},"end":{}}],"line":109},"8":{"loc":{"start":{"line":132,"column":2},"end":{"line":148,"column":null}},"type":"switch","locations":[{"start":{"line":134,"column":4},"end":{"line":136,"column":null}},{"start":{"line":138,"column":4},"end":{"line":138,"column":null}},{"start":{"line":139,"column":4},"end":{"line":141,"column":null}},{"start":{"line":143,"column":4},"end":{"line":146,"column":null}}],"line":132}},"s":{"0":400,"1":400,"2":7,"3":393,"4":0,"5":393,"6":0,"7":393,"8":0,"9":393,"10":100,"11":0,"12":0,"13":0,"14":0,"15":0,"16":0,"17":0,"18":0,"19":100,"20":100,"21":7,"22":7,"23":0,"24":0,"25":93,"26":93,"27":93},"f":{"0":400,"1":100,"2":0,"3":100},"b":{"0":[7,393],"1":[0,393],"2":[0,393],"3":[0,0],"4":[0,393],"5":[393,393,393],"6":[0,0],"7":[0,0],"8":[7,0,0,93]},"meta":{"lastBranch":9,"lastFunction":4,"lastStatement":28,"seen":{"f:44:16:44:29":0,"s:46:18:46:Infinity":0,"b:48:2:48:Infinity:undefined:undefined:undefined:undefined":0,"s:48:2:48:Infinity":1,"s:48:64:48:89":2,"b:49:2:49:Infinity:undefined:undefined:undefined:undefined":1,"s:49:2:49:Infinity":3,"s:49:64:49:89":4,"b:50:2:50:Infinity:undefined:undefined:undefined:undefined":2,"s:50:2:50:Infinity":5,"s:50:64:50:110":6,"b:50:93:50:104:50:104:50:107":3,"b:51:2:51:Infinity:undefined:undefined:undefined:undefined":4,"s:51:2:51:Infinity":7,"b:51:6:51:26:51:26:51:48:51:48:51:64":5,"s:51:66:51:91":8,"s:53:2:53:Infinity":9,"f:66:16:66:35":1,"s:67:2:77:Infinity":10,"f:99:22:99:Infinity":2,"s:106:18:106:Infinity":11,"b:108:2:108:Infinity:undefined:undefined:undefined:undefined":6,"s:108:2:108:Infinity":12,"s:108:33:108:63":13,"s:108:63:108:73":14,"b:109:2:109:Infinity:undefined:undefined:undefined:undefined":7,"s:109:2:109:Infinity":15,"s:109:33:109:63":16,"s:109:63:109:73":17,"s:111:2:111:Infinity":18,"f:128:16:128:20":3,"s:130:18:130:Infinity":19,"b:134:4:136:Infinity:138:4:138:Infinity:139:4:141:Infinity:143:4:146:Infinity":8,"s:132:2:148:Infinity":20,"s:135:6:135:Infinity":21,"s:136:6:136:Infinity":22,"s:140:6:140:Infinity":23,"s:141:6:141:Infinity":24,"s:144:6:144:Infinity":25,"s:145:6:145:Infinity":26,"s:146:6:146:Infinity":27},"fnNames":{}}}
,"C:\\Users\\john\\projects\\worktrees\\stonecypher_self-expression_feat_26-08-28_channel-extensions-42_2\\src\\ts\\index.ts": {"path":"C:\\Users\\john\\projects\\worktrees\\stonecypher_self-expression_feat_26-08-28_channel-extensions-42_2\\src\\ts\\index.ts","statementMap":{},"fnMap":{},"branchMap":{},"s":{},"f":{},"b":{},"meta":{"lastBranch":0,"lastFunction":0,"lastStatement":0,"seen":{},"fnNames":{}}}
,"C:\\Users\\john\\projects\\worktrees\\stonecypher_self-expression_feat_26-08-28_channel-extensions-42_2\\src\\ts\\stub.ts": {"path":"C:\\Users\\john\\projects\\worktrees\\stonecypher_self-expression_feat_26-08-28_channel-extensions-42_2\\src\\ts\\stub.ts","statementMap":{"0":{"start":{"line":37,"column":2},"end":{"line":39,"column":null}},"1":{"start":{"line":38,"column":4},"end":{"line":38,"column":null}},"2":{"start":{"line":41,"column":2},"end":{"line":41,"column":null}}},"fnMap":{"0":{"name":"double","decl":{"start":{"line":35,"column":16},"end":{"line":35,"column":23}},"loc":{"start":{"line":35,"column":42},"end":{"line":43,"column":null}},"line":35},"1":{"name":"unhandled_internal","decl":{"start":{"line":51,"column":16},"end":{"line":51,"column":43}},"loc":{"start":{"line":51,"column":43},"end":{"line":51,"column":null}},"line":51},"2":{"name":"unhandled_external","decl":{"start":{"line":55,"column":16},"end":{"line":55,"column":43}},"loc":{"start":{"line":55,"column":43},"end":{"line":55,"column":null}},"line":55}},"branchMap":{"0":{"loc":{"start":{"line":37,"column":2},"end":{"line":39,"column":null}},"type":"if","locations":[{"start":{"line":37,"column":2},"end":{"line":39,"column":null}},{"start":{},"end":{}}],"line":37}},"s":{"0":100,"1":0,"2":100},"f":{"0":100,"1":0,"2":0},"b":{"0":[0,100]},"meta":{"lastBranch":1,"lastFunction":3,"lastStatement":3,"seen":{"f:35:16:35:23":0,"b:37:2:39:Infinity:undefined:undefined:undefined:undefined":0,"s:37:2:39:Infinity":0,"s:38:4:38:Infinity":1,"s:41:2:41:Infinity":2,"f:51:16:51:43":1,"f:55:16:55:43":2},"fnNames":{}}}
,"C:\\Users\\john\\projects\\worktrees\\stonecypher_self-expression_feat_26-08-28_channel-extensions-42_2\\src\\ts\\channels\\context.ts": {"path":"C:\\Users\\john\\projects\\worktrees\\stonecypher_self-expression_feat_26-08-28_channel-extensions-42_2\\src\\ts\\channels\\context.ts","statementMap":{"0":{"start":{"line":48,"column":2},"end":{"line":66,"column":null}},"1":{"start":{"line":88,"column":14},"end":{"line":90,"column":null}},"2":{"start":{"line":92,"column":2},"end":{"line":92,"column":null}},"3":{"start":{"line":105,"column":14},"end":{"line":106,"column":null}},"4":{"start":{"line":107,"column":2},"end":{"line":107,"column":null}}},"fnMap":{"0":{"name":"recordContext","decl":{"start":{"line":46,"column":16},"end":{"line":46,"column":30}},"loc":{"start":{"line":46,"column":97},"end":{"line":68,"column":null}},"line":46},"1":{"name":"latestContext","decl":{"start":{"line":86,"column":16},"end":{"line":86,"column":30}},"loc":{"start":{"line":86,"column":94},"end":{"line":94,"column":null}},"line":86},"2":{"name":"turnCount","decl":{"start":{"line":104,"column":16},"end":{"line":104,"column":26}},"loc":{"start":{"line":104,"column":65},"end":{"line":108,"column":null}},"line":104}},"branchMap":{"0":{"loc":{"start":{"line":46,"column":66},"end":{"line":46,"column":97}},"type":"default-arg","locations":[{"start":{"line":46,"column":79},"end":{"line":46,"column":97}}],"line":46},"1":{"loc":{"start":{"line":55,"column":4},"end":{"line":55,"column":null}},"type":"binary-expr","locations":[{"start":{"line":55,"column":4},"end":{"line":55,"column":30}},{"start":{"line":55,"column":30},"end":{"line":55,"column":null}}],"line":55},"2":{"loc":{"start":{"line":56,"column":4},"end":{"line":56,"column":null}},"type":"binary-expr","locations":[{"start":{"line":56,"column":4},"end":{"line":56,"column":30}},{"start":{"line":56,"column":30},"end":{"line":56,"column":null}}],"line":56},"3":{"loc":{"start":{"line":57,"column":4},"end":{"line":57,"column":null}},"type":"binary-expr","locations":[{"start":{"line":57,"column":4},"end":{"line":57,"column":30}},{"start":{"line":57,"column":30},"end":{"line":57,"column":null}}],"line":57},"4":{"loc":{"start":{"line":58,"column":4},"end":{"line":58,"column":null}},"type":"binary-expr","locations":[{"start":{"line":58,"column":4},"end":{"line":58,"column":30}},{"start":{"line":58,"column":30},"end":{"line":58,"column":null}}],"line":58},"5":{"loc":{"start":{"line":59,"column":4},"end":{"line":59,"column":null}},"type":"binary-expr","locations":[{"start":{"line":59,"column":4},"end":{"line":59,"column":30}},{"start":{"line":59,"column":30},"end":{"line":59,"column":null}}],"line":59},"6":{"loc":{"start":{"line":60,"column":4},"end":{"line":60,"column":null}},"type":"binary-expr","locations":[{"start":{"line":60,"column":4},"end":{"line":60,"column":30}},{"start":{"line":60,"column":30},"end":{"line":60,"column":null}}],"line":60},"7":{"loc":{"start":{"line":61,"column":4},"end":{"line":61,"column":null}},"type":"binary-expr","locations":[{"start":{"line":61,"column":4},"end":{"line":61,"column":30}},{"start":{"line":61,"column":30},"end":{"line":61,"column":null}}],"line":61},"8":{"loc":{"start":{"line":62,"column":4},"end":{"line":62,"column":null}},"type":"binary-expr","locations":[{"start":{"line":62,"column":4},"end":{"line":62,"column":30}},{"start":{"line":62,"column":30},"end":{"line":62,"column":null}}],"line":62},"9":{"loc":{"start":{"line":63,"column":4},"end":{"line":63,"column":null}},"type":"binary-expr","locations":[{"start":{"line":63,"column":4},"end":{"line":63,"column":30}},{"start":{"line":63,"column":30},"end":{"line":63,"column":null}}],"line":63},"10":{"loc":{"start":{"line":64,"column":4},"end":{"line":64,"column":null}},"type":"binary-expr","locations":[{"start":{"line":64,"column":4},"end":{"line":64,"column":30}},{"start":{"line":64,"column":30},"end":{"line":64,"column":null}}],"line":64},"11":{"loc":{"start":{"line":65,"column":4},"end":{"line":65,"column":null}},"type":"binary-expr","locations":[{"start":{"line":65,"column":4},"end":{"line":65,"column":30}},{"start":{"line":65,"column":30},"end":{"line":65,"column":null}}],"line":65},"12":{"loc":{"start":{"line":88,"column":14},"end":{"line":90,"column":null}},"type":"cond-expr","locations":[{"start":{"line":89,"column":6},"end":{"line":89,"column":null}},{"start":{"line":90,"column":6},"end":{"line":90,"column":null}}],"line":88},"13":{"loc":{"start":{"line":92,"column":9},"end":{"line":92,"column":null}},"type":"binary-expr","locations":[{"start":{"line":92,"column":9},"end":{"line":92,"column":16}},{"start":{"line":92,"column":16},"end":{"line":92,"column":null}}],"line":92},"14":{"loc":{"start":{"line":107,"column":16},"end":{"line":107,"column":31}},"type":"binary-expr","locations":[{"start":{"line":107,"column":16},"end":{"line":107,"column":30}},{"start":{"line":107,"column":30},"end":{"line":107,"column":31}}],"line":107}},"s":{"0":0,"1":0,"2":0,"3":0,"4":0},"f":{"0":0,"1":0,"2":0},"b":{"0":[0],"1":[0,0],"2":[0,0],"3":[0,0],"4":[0,0],"5":[0,0],"6":[0,0],"7":[0,0],"8":[0,0],"9":[0,0],"10":[0,0],"11":[0,0],"12":[0,0],"13":[0,0],"14":[0,0]},"meta":{"lastBranch":15,"lastFunction":3,"lastStatement":5,"seen":{"f:46:16:46:30":0,"b:46:79:46:97":0,"s:48:2:66:Infinity":0,"b:55:4:55:30:55:30:55:Infinity":1,"b:56:4:56:30:56:30:56:Infinity":2,"b:57:4:57:30:57:30:57:Infinity":3,"b:58:4:58:30:58:30:58:Infinity":4,"b:59:4:59:30:59:30:59:Infinity":5,"b:60:4:60:30:60:30:60:Infinity":6,"b:61:4:61:30:61:30:61:Infinity":7,"b:62:4:62:30:62:30:62:Infinity":8,"b:63:4:63:30:63:30:63:Infinity":9,"b:64:4:64:30:64:30:64:Infinity":10,"b:65:4:65:30:65:30:65:Infinity":11,"f:86:16:86:30":1,"s:88:14:90:Infinity":1,"b:89:6:89:Infinity:90:6:90:Infinity":12,"s:92:2:92:Infinity":2,"b:92:9:92:16:92:16:92:Infinity":13,"f:104:16:104:26":2,"s:105:14:106:Infinity":3,"s:107:2:107:Infinity":4,"b:107:16:107:30:107:30:107:31":14},"fnNames":{}}}
,"C:\\Users\\john\\projects\\worktrees\\stonecypher_self-expression_feat_26-08-28_channel-extensions-42_2\\src\\ts\\channels\\entries.ts": {"path":"C:\\Users\\john\\projects\\worktrees\\stonecypher_self-expression_feat_26-08-28_channel-extensions-42_2\\src\\ts\\channels\\entries.ts","statementMap":{"0":{"start":{"line":111,"column":70},"end":{"line":123,"column":null}},"1":{"start":{"line":126,"column":23},"end":{"line":126,"column":null}},"2":{"start":{"line":156,"column":29},"end":{"line":156,"column":null}},"3":{"start":{"line":158,"column":2},"end":{"line":165,"column":null}},"4":{"start":{"line":159,"column":18},"end":{"line":159,"column":null}},"5":{"start":{"line":160,"column":4},"end":{"line":164,"column":null}},"6":{"start":{"line":161,"column":6},"end":{"line":163,"column":null}},"7":{"start":{"line":167,"column":2},"end":{"line":167,"column":null}},"8":{"start":{"line":167,"column":37},"end":{"line":167,"column":78}},"9":{"start":{"line":168,"column":2},"end":{"line":168,"column":null}},"10":{"start":{"line":168,"column":37},"end":{"line":168,"column":81}},"11":{"start":{"line":170,"column":2},"end":{"line":172,"column":null}},"12":{"start":{"line":171,"column":4},"end":{"line":171,"column":null}},"13":{"start":{"line":174,"column":2},"end":{"line":176,"column":null}},"14":{"start":{"line":175,"column":4},"end":{"line":175,"column":null}},"15":{"start":{"line":178,"column":2},"end":{"line":180,"column":null}},"16":{"start":{"line":179,"column":4},"end":{"line":179,"column":null}},"17":{"start":{"line":182,"column":2},"end":{"line":184,"column":null}},"18":{"start":{"line":183,"column":4},"end":{"line":183,"column":null}},"19":{"start":{"line":186,"column":2},"end":{"line":190,"column":null}},"20":{"start":{"line":187,"column":4},"end":{"line":189,"column":null}},"21":{"start":{"line":192,"column":2},"end":{"line":194,"column":null}},"22":{"start":{"line":193,"column":4},"end":{"line":193,"column":null}},"23":{"start":{"line":196,"column":2},"end":{"line":196,"column":null}},"24":{"start":{"line":202,"column":2},"end":{"line":202,"column":null}},"25":{"start":{"line":226,"column":19},"end":{"line":226,"column":null}},"26":{"start":{"line":227,"column":2},"end":{"line":229,"column":null}},"27":{"start":{"line":228,"column":4},"end":{"line":228,"column":null}},"28":{"start":{"line":231,"column":15},"end":{"line":231,"column":null}},"29":{"start":{"line":232,"column":15},"end":{"line":232,"column":26}},"30":{"start":{"line":234,"column":2},"end":{"line":279,"column":null}},"31":{"start":{"line":281,"column":14},"end":{"line":281,"column":null}},"32":{"start":{"line":282,"column":14},"end":{"line":282,"column":null}},"33":{"start":{"line":284,"column":2},"end":{"line":284,"column":null}},"34":{"start":{"line":300,"column":14},"end":{"line":303,"column":null}},"35":{"start":{"line":304,"column":2},"end":{"line":304,"column":null}},"36":{"start":{"line":317,"column":14},"end":{"line":321,"column":null}},"37":{"start":{"line":322,"column":2},"end":{"line":322,"column":null}},"38":{"start":{"line":336,"column":15},"end":{"line":339,"column":null}},"39":{"start":{"line":340,"column":2},"end":{"line":340,"column":null}},"40":{"start":{"line":361,"column":15},"end":{"line":367,"column":null}},"41":{"start":{"line":368,"column":2},"end":{"line":368,"column":null}},"42":{"start":{"line":368,"column":25},"end":{"line":368,"column":66}},"43":{"start":{"line":390,"column":15},"end":{"line":394,"column":null}},"44":{"start":{"line":395,"column":2},"end":{"line":395,"column":null}},"45":{"start":{"line":414,"column":15},"end":{"line":417,"column":null}},"46":{"start":{"line":418,"column":2},"end":{"line":418,"column":null}},"47":{"start":{"line":418,"column":25},"end":{"line":418,"column":47}}},"fnMap":{"0":{"name":"validate","decl":{"start":{"line":154,"column":16},"end":{"line":154,"column":25}},"loc":{"start":{"line":154,"column":54},"end":{"line":198,"column":null}},"line":154},"1":{"name":"bit","decl":{"start":{"line":201,"column":9},"end":{"line":201,"column":13}},"loc":{"start":{"line":201,"column":56},"end":{"line":203,"column":null}},"line":201},"2":{"name":"recordEntry","decl":{"start":{"line":219,"column":16},"end":{"line":219,"column":null}},"loc":{"start":{"line":224,"column":11},"end":{"line":286,"column":null}},"line":224},"3":{"name":"hasClosingSignature","decl":{"start":{"line":299,"column":16},"end":{"line":299,"column":36}},"loc":{"start":{"line":299,"column":77},"end":{"line":305,"column":null}},"line":299},"4":{"name":"previousSignature","decl":{"start":{"line":316,"column":16},"end":{"line":316,"column":34}},"loc":{"start":{"line":316,"column":97},"end":{"line":323,"column":null}},"line":316},"5":{"name":"recentEntries","decl":{"start":{"line":335,"column":16},"end":{"line":335,"column":30}},"loc":{"start":{"line":335,"column":83},"end":{"line":341,"column":null}},"line":335},"6":{"name":"forecastOutcomes","decl":{"start":{"line":360,"column":16},"end":{"line":360,"column":33}},"loc":{"start":{"line":360,"column":66},"end":{"line":369,"column":null}},"line":360},"7":{"name":"(anonymous_7)","decl":{"start":{"line":368,"column":14},"end":{"line":368,"column":18}},"loc":{"start":{"line":368,"column":25},"end":{"line":368,"column":66}},"line":368},"8":{"name":"recentChecklists","decl":{"start":{"line":389,"column":16},"end":{"line":389,"column":33}},"loc":{"start":{"line":389,"column":86},"end":{"line":396,"column":null}},"line":389},"9":{"name":"seriesPercents","decl":{"start":{"line":413,"column":16},"end":{"line":413,"column":31}},"loc":{"start":{"line":413,"column":74},"end":{"line":419,"column":null}},"line":413},"10":{"name":"(anonymous_10)","decl":{"start":{"line":418,"column":14},"end":{"line":418,"column":18}},"loc":{"start":{"line":418,"column":25},"end":{"line":418,"column":47}},"line":418}},"branchMap":{"0":{"loc":{"start":{"line":160,"column":4},"end":{"line":164,"column":null}},"type":"if","locations":[{"start":{"line":160,"column":4},"end":{"line":164,"column":null}},{"start":{},"end":{}}],"line":160},"1":{"loc":{"start":{"line":160,"column":8},"end":{"line":160,"column":61}},"type":"binary-expr","locations":[{"start":{"line":160,"column":8},"end":{"line":160,"column":31}},{"start":{"line":160,"column":31},"end":{"line":160,"column":61}}],"line":160},"2":{"loc":{"start":{"line":167,"column":2},"end":{"line":167,"column":null}},"type":"if","locations":[{"start":{"line":167,"column":2},"end":{"line":167,"column":null}},{"start":{},"end":{}}],"line":167},"3":{"loc":{"start":{"line":168,"column":2},"end":{"line":168,"column":null}},"type":"if","locations":[{"start":{"line":168,"column":2},"end":{"line":168,"column":null}},{"start":{},"end":{}}],"line":168},"4":{"loc":{"start":{"line":170,"column":2},"end":{"line":172,"column":null}},"type":"if","locations":[{"start":{"line":170,"column":2},"end":{"line":172,"column":null}},{"start":{},"end":{}}],"line":170},"5":{"loc":{"start":{"line":174,"column":2},"end":{"line":176,"column":null}},"type":"if","locations":[{"start":{"line":174,"column":2},"end":{"line":176,"column":null}},{"start":{},"end":{}}],"line":174},"6":{"loc":{"start":{"line":174,"column":6},"end":{"line":174,"column":68}},"type":"binary-expr","locations":[{"start":{"line":174,"column":6},"end":{"line":174,"column":37}},{"start":{"line":174,"column":37},"end":{"line":174,"column":68}}],"line":174},"7":{"loc":{"start":{"line":178,"column":2},"end":{"line":180,"column":null}},"type":"if","locations":[{"start":{"line":178,"column":2},"end":{"line":180,"column":null}},{"start":{},"end":{}}],"line":178},"8":{"loc":{"start":{"line":178,"column":6},"end":{"line":178,"column":117}},"type":"binary-expr","locations":[{"start":{"line":178,"column":6},"end":{"line":178,"column":38}},{"start":{"line":178,"column":38},"end":{"line":178,"column":59}},{"start":{"line":178,"column":59},"end":{"line":178,"column":82}},{"start":{"line":178,"column":82},"end":{"line":178,"column":117}}],"line":178},"9":{"loc":{"start":{"line":182,"column":2},"end":{"line":184,"column":null}},"type":"if","locations":[{"start":{"line":182,"column":2},"end":{"line":184,"column":null}},{"start":{},"end":{}}],"line":182},"10":{"loc":{"start":{"line":182,"column":6},"end":{"line":182,"column":73}},"type":"binary-expr","locations":[{"start":{"line":182,"column":6},"end":{"line":182,"column":39}},{"start":{"line":182,"column":39},"end":{"line":182,"column":73}}],"line":182},"11":{"loc":{"start":{"line":186,"column":2},"end":{"line":190,"column":null}},"type":"if","locations":[{"start":{"line":186,"column":2},"end":{"line":190,"column":null}},{"start":{},"end":{}}],"line":186},"12":{"loc":{"start":{"line":186,"column":6},"end":{"line":186,"column":78}},"type":"binary-expr","locations":[{"start":{"line":186,"column":6},"end":{"line":186,"column":39}},{"start":{"line":186,"column":39},"end":{"line":186,"column":78}}],"line":186},"13":{"loc":{"start":{"line":192,"column":2},"end":{"line":194,"column":null}},"type":"if","locations":[{"start":{"line":192,"column":2},"end":{"line":194,"column":null}},{"start":{},"end":{}}],"line":192},"14":{"loc":{"start":{"line":192,"column":6},"end":{"line":192,"column":69}},"type":"binary-expr","locations":[{"start":{"line":192,"column":6},"end":{"line":192,"column":37}},{"start":{"line":192,"column":37},"end":{"line":192,"column":69}}],"line":192},"15":{"loc":{"start":{"line":202,"column":9},"end":{"line":202,"column":null}},"type":"cond-expr","locations":[{"start":{"line":202,"column":31},"end":{"line":202,"column":39}},{"start":{"line":202,"column":39},"end":{"line":202,"column":null}}],"line":202},"16":{"loc":{"start":{"line":202,"column":39},"end":{"line":202,"column":null}},"type":"cond-expr","locations":[{"start":{"line":202,"column":47},"end":{"line":202,"column":51}},{"start":{"line":202,"column":51},"end":{"line":202,"column":null}}],"line":202},"17":{"loc":{"start":{"line":223,"column":2},"end":{"line":223,"column":null}},"type":"default-arg","locations":[{"start":{"line":223,"column":25},"end":{"line":223,"column":null}}],"line":223},"18":{"loc":{"start":{"line":227,"column":2},"end":{"line":229,"column":null}},"type":"if","locations":[{"start":{"line":227,"column":2},"end":{"line":229,"column":null}},{"start":{},"end":{}}],"line":227},"19":{"loc":{"start":{"line":260,"column":35},"end":{"line":260,"column":null}},"type":"binary-expr","locations":[{"start":{"line":260,"column":35},"end":{"line":260,"column":54}},{"start":{"line":260,"column":54},"end":{"line":260,"column":null}}],"line":260},"20":{"loc":{"start":{"line":261,"column":19},"end":{"line":261,"column":43}},"type":"binary-expr","locations":[{"start":{"line":261,"column":19},"end":{"line":261,"column":37}},{"start":{"line":261,"column":37},"end":{"line":261,"column":43}}],"line":261},"21":{"loc":{"start":{"line":261,"column":43},"end":{"line":261,"column":68}},"type":"binary-expr","locations":[{"start":{"line":261,"column":43},"end":{"line":261,"column":62}},{"start":{"line":261,"column":62},"end":{"line":261,"column":68}}],"line":261},"22":{"loc":{"start":{"line":261,"column":68},"end":{"line":261,"column":null}},"type":"binary-expr","locations":[{"start":{"line":261,"column":68},"end":{"line":261,"column":82}},{"start":{"line":261,"column":82},"end":{"line":261,"column":null}}],"line":261},"23":{"loc":{"start":{"line":262,"column":4},"end":{"line":262,"column":24}},"type":"binary-expr","locations":[{"start":{"line":262,"column":4},"end":{"line":262,"column":18}},{"start":{"line":262,"column":18},"end":{"line":262,"column":24}}],"line":262},"24":{"loc":{"start":{"line":262,"column":24},"end":{"line":262,"column":null}},"type":"binary-expr","locations":[{"start":{"line":262,"column":24},"end":{"line":262,"column":45}},{"start":{"line":262,"column":45},"end":{"line":262,"column":null}}],"line":262},"25":{"loc":{"start":{"line":263,"column":4},"end":{"line":263,"column":27}},"type":"binary-expr","locations":[{"start":{"line":263,"column":4},"end":{"line":263,"column":21}},{"start":{"line":263,"column":21},"end":{"line":263,"column":27}}],"line":263},"26":{"loc":{"start":{"line":263,"column":27},"end":{"line":263,"column":52}},"type":"binary-expr","locations":[{"start":{"line":263,"column":27},"end":{"line":263,"column":46}},{"start":{"line":263,"column":46},"end":{"line":263,"column":52}}],"line":263},"27":{"loc":{"start":{"line":263,"column":52},"end":{"line":263,"column":null}},"type":"binary-expr","locations":[{"start":{"line":263,"column":52},"end":{"line":263,"column":68}},{"start":{"line":263,"column":68},"end":{"line":263,"column":null}}],"line":263},"28":{"loc":{"start":{"line":264,"column":4},"end":{"line":264,"column":34}},"type":"binary-expr","locations":[{"start":{"line":264,"column":4},"end":{"line":264,"column":28}},{"start":{"line":264,"column":28},"end":{"line":264,"column":34}}],"line":264},"29":{"loc":{"start":{"line":264,"column":34},"end":{"line":264,"column":53}},"type":"binary-expr","locations":[{"start":{"line":264,"column":34},"end":{"line":264,"column":47}},{"start":{"line":264,"column":47},"end":{"line":264,"column":53}}],"line":264},"30":{"loc":{"start":{"line":264,"column":53},"end":{"line":264,"column":76}},"type":"binary-expr","locations":[{"start":{"line":264,"column":53},"end":{"line":264,"column":70}},{"start":{"line":264,"column":70},"end":{"line":264,"column":76}}],"line":264},"31":{"loc":{"start":{"line":264,"column":76},"end":{"line":264,"column":null}},"type":"binary-expr","locations":[{"start":{"line":264,"column":76},"end":{"line":264,"column":95}},{"start":{"line":264,"column":95},"end":{"line":264,"column":null}}],"line":264},"32":{"loc":{"start":{"line":265,"column":21},"end":{"line":265,"column":null}},"type":"binary-expr","locations":[{"start":{"line":265,"column":21},"end":{"line":265,"column":36}},{"start":{"line":265,"column":36},"end":{"line":265,"column":null}}],"line":265},"33":{"loc":{"start":{"line":266,"column":31},"end":{"line":266,"column":null}},"type":"binary-expr","locations":[{"start":{"line":266,"column":31},"end":{"line":266,"column":49}},{"start":{"line":266,"column":49},"end":{"line":266,"column":null}}],"line":266},"34":{"loc":{"start":{"line":268,"column":4},"end":{"line":268,"column":29}},"type":"binary-expr","locations":[{"start":{"line":268,"column":4},"end":{"line":268,"column":23}},{"start":{"line":268,"column":23},"end":{"line":268,"column":29}}],"line":268},"35":{"loc":{"start":{"line":268,"column":29},"end":{"line":268,"column":55}},"type":"binary-expr","locations":[{"start":{"line":268,"column":29},"end":{"line":268,"column":49}},{"start":{"line":268,"column":49},"end":{"line":268,"column":55}}],"line":268},"36":{"loc":{"start":{"line":268,"column":55},"end":{"line":268,"column":null}},"type":"binary-expr","locations":[{"start":{"line":268,"column":55},"end":{"line":268,"column":76}},{"start":{"line":268,"column":76},"end":{"line":268,"column":null}}],"line":268},"37":{"loc":{"start":{"line":269,"column":4},"end":{"line":269,"column":29}},"type":"binary-expr","locations":[{"start":{"line":269,"column":4},"end":{"line":269,"column":23}},{"start":{"line":269,"column":23},"end":{"line":269,"column":29}}],"line":269},"38":{"loc":{"start":{"line":269,"column":29},"end":{"line":269,"column":null}},"type":"binary-expr","locations":[{"start":{"line":269,"column":29},"end":{"line":269,"column":50}},{"start":{"line":269,"column":50},"end":{"line":269,"column":null}}],"line":269},"39":{"loc":{"start":{"line":270,"column":4},"end":{"line":270,"column":33}},"type":"binary-expr","locations":[{"start":{"line":270,"column":4},"end":{"line":270,"column":27}},{"start":{"line":270,"column":27},"end":{"line":270,"column":33}}],"line":270},"40":{"loc":{"start":{"line":270,"column":33},"end":{"line":270,"column":61}},"type":"binary-expr","locations":[{"start":{"line":270,"column":33},"end":{"line":270,"column":55}},{"start":{"line":270,"column":55},"end":{"line":270,"column":61}}],"line":270},"41":{"loc":{"start":{"line":270,"column":61},"end":{"line":270,"column":null}},"type":"binary-expr","locations":[{"start":{"line":270,"column":61},"end":{"line":270,"column":85}},{"start":{"line":270,"column":85},"end":{"line":270,"column":null}}],"line":270},"42":{"loc":{"start":{"line":271,"column":4},"end":{"line":271,"column":null}},"type":"binary-expr","locations":[{"start":{"line":271,"column":4},"end":{"line":271,"column":24}},{"start":{"line":271,"column":24},"end":{"line":271,"column":null}}],"line":271},"43":{"loc":{"start":{"line":272,"column":4},"end":{"line":272,"column":28}},"type":"binary-expr","locations":[{"start":{"line":272,"column":4},"end":{"line":272,"column":22}},{"start":{"line":272,"column":22},"end":{"line":272,"column":28}}],"line":272},"44":{"loc":{"start":{"line":272,"column":28},"end":{"line":272,"column":49}},"type":"binary-expr","locations":[{"start":{"line":272,"column":28},"end":{"line":272,"column":43}},{"start":{"line":272,"column":43},"end":{"line":272,"column":49}}],"line":272},"45":{"loc":{"start":{"line":273,"column":4},"end":{"line":273,"column":24}},"type":"binary-expr","locations":[{"start":{"line":273,"column":4},"end":{"line":273,"column":18}},{"start":{"line":273,"column":18},"end":{"line":273,"column":24}}],"line":273},"46":{"loc":{"start":{"line":273,"column":24},"end":{"line":273,"column":52}},"type":"binary-expr","locations":[{"start":{"line":273,"column":24},"end":{"line":273,"column":46}},{"start":{"line":273,"column":46},"end":{"line":273,"column":52}}],"line":273},"47":{"loc":{"start":{"line":273,"column":52},"end":{"line":273,"column":72}},"type":"binary-expr","locations":[{"start":{"line":273,"column":52},"end":{"line":273,"column":66}},{"start":{"line":273,"column":66},"end":{"line":273,"column":72}}],"line":273},"48":{"loc":{"start":{"line":273,"column":72},"end":{"line":273,"column":null}},"type":"binary-expr","locations":[{"start":{"line":273,"column":72},"end":{"line":273,"column":88}},{"start":{"line":273,"column":88},"end":{"line":273,"column":null}}],"line":273},"49":{"loc":{"start":{"line":274,"column":4},"end":{"line":274,"column":30}},"type":"binary-expr","locations":[{"start":{"line":274,"column":4},"end":{"line":274,"column":24}},{"start":{"line":274,"column":24},"end":{"line":274,"column":30}}],"line":274},"50":{"loc":{"start":{"line":274,"column":30},"end":{"line":274,"column":null}},"type":"binary-expr","locations":[{"start":{"line":274,"column":30},"end":{"line":274,"column":54}},{"start":{"line":274,"column":54},"end":{"line":274,"column":null}}],"line":274},"51":{"loc":{"start":{"line":275,"column":4},"end":{"line":275,"column":29}},"type":"binary-expr","locations":[{"start":{"line":275,"column":4},"end":{"line":275,"column":23}},{"start":{"line":275,"column":23},"end":{"line":275,"column":29}}],"line":275},"52":{"loc":{"start":{"line":275,"column":29},"end":{"line":275,"column":52}},"type":"binary-expr","locations":[{"start":{"line":275,"column":29},"end":{"line":275,"column":46}},{"start":{"line":275,"column":46},"end":{"line":275,"column":52}}],"line":275},"53":{"loc":{"start":{"line":275,"column":52},"end":{"line":275,"column":null}},"type":"binary-expr","locations":[{"start":{"line":275,"column":52},"end":{"line":275,"column":69}},{"start":{"line":275,"column":69},"end":{"line":275,"column":null}}],"line":275},"54":{"loc":{"start":{"line":276,"column":4},"end":{"line":276,"column":29}},"type":"binary-expr","locations":[{"start":{"line":276,"column":4},"end":{"line":276,"column":23}},{"start":{"line":276,"column":23},"end":{"line":276,"column":29}}],"line":276},"55":{"loc":{"start":{"line":276,"column":29},"end":{"line":276,"column":null}},"type":"binary-expr","locations":[{"start":{"line":276,"column":29},"end":{"line":276,"column":44}},{"start":{"line":276,"column":44},"end":{"line":276,"column":null}}],"line":276},"56":{"loc":{"start":{"line":277,"column":4},"end":{"line":277,"column":24}},"type":"binary-expr","locations":[{"start":{"line":277,"column":4},"end":{"line":277,"column":18}},{"start":{"line":277,"column":18},"end":{"line":277,"column":24}}],"line":277},"57":{"loc":{"start":{"line":277,"column":24},"end":{"line":277,"column":46}},"type":"binary-expr","locations":[{"start":{"line":277,"column":24},"end":{"line":277,"column":40}},{"start":{"line":277,"column":40},"end":{"line":277,"column":46}}],"line":277},"58":{"loc":{"start":{"line":277,"column":46},"end":{"line":277,"column":66}},"type":"binary-expr","locations":[{"start":{"line":277,"column":46},"end":{"line":277,"column":60}},{"start":{"line":277,"column":60},"end":{"line":277,"column":66}}],"line":277},"59":{"loc":{"start":{"line":277,"column":66},"end":{"line":277,"column":null}},"type":"binary-expr","locations":[{"start":{"line":277,"column":66},"end":{"line":277,"column":83}},{"start":{"line":277,"column":83},"end":{"line":277,"column":null}}],"line":277},"60":{"loc":{"start":{"line":278,"column":19},"end":{"line":278,"column":null}},"type":"binary-expr","locations":[{"start":{"line":278,"column":19},"end":{"line":278,"column":42}},{"start":{"line":278,"column":42},"end":{"line":278,"column":null}}],"line":278},"61":{"loc":{"start":{"line":282,"column":21},"end":{"line":282,"column":37}},"type":"binary-expr","locations":[{"start":{"line":282,"column":21},"end":{"line":282,"column":36}},{"start":{"line":282,"column":36},"end":{"line":282,"column":37}}],"line":282},"62":{"loc":{"start":{"line":322,"column":9},"end":{"line":322,"column":null}},"type":"binary-expr","locations":[{"start":{"line":322,"column":9},"end":{"line":322,"column":16}},{"start":{"line":322,"column":16},"end":{"line":322,"column":null}}],"line":322},"63":{"loc":{"start":{"line":335,"column":44},"end":{"line":335,"column":83}},"type":"default-arg","locations":[{"start":{"line":335,"column":52},"end":{"line":335,"column":83}}],"line":335},"64":{"loc":{"start":{"line":389,"column":47},"end":{"line":389,"column":86}},"type":"default-arg","locations":[{"start":{"line":389,"column":55},"end":{"line":389,"column":86}}],"line":389}},"s":{"0":3,"1":3,"2":1104,"3":1104,"4":12144,"5":12144,"6":233,"7":1104,"8":0,"9":1104,"10":0,"11":1104,"12":0,"13":1104,"14":200,"15":1104,"16":0,"17":1104,"18":0,"19":1104,"20":0,"21":1104,"22":0,"23":1104,"24":1216,"25":304,"26":304,"27":0,"28":304,"29":304,"30":304,"31":304,"32":304,"33":304,"34":0,"35":0,"36":0,"37":0,"38":0,"39":0,"40":0,"41":0,"42":0,"43":0,"44":0,"45":61,"46":61,"47":259},"f":{"0":1104,"1":1216,"2":304,"3":0,"4":0,"5":0,"6":0,"7":0,"8":0,"9":61,"10":259},"b":{"0":[233,11911],"1":[12144,1501],"2":[0,1104],"3":[0,1104],"4":[0,1104],"5":[200,904],"6":[1104,659],"7":[0,1104],"8":[1104,659,659,659],"9":[0,1104],"10":[1104,15],"11":[0,1104],"12":[1104,15],"13":[0,1104],"14":[1104,43],"15":[1216,0],"16":[0,0],"17":[304],"18":[0,304],"19":[304,304],"20":[304,304],"21":[304,304],"22":[304,304],"23":[304,304],"24":[304,304],"25":[304,304],"26":[304,304],"27":[304,304],"28":[304,304],"29":[304,304],"30":[304,304],"31":[304,304],"32":[304,304],"33":[304,304],"34":[304,304],"35":[304,304],"36":[304,304],"37":[304,304],"38":[304,304],"39":[304,304],"40":[304,304],"41":[304,304],"42":[304,304],"43":[304,304],"44":[304,304],"45":[304,304],"46":[304,304],"47":[304,304],"48":[304,304],"49":[304,289],"50":[304,289],"51":[304,289],"52":[304,304],"53":[304,289],"54":[304,45],"55":[304,45],"56":[304,304],"57":[304,304],"58":[304,304],"59":[304,45],"60":[304,304],"61":[304,0],"62":[0,0],"63":[0],"64":[0]},"meta":{"lastBranch":65,"lastFunction":11,"lastStatement":48,"seen":{"s:111:70:123:Infinity":0,"s:126:23:126:Infinity":1,"f:154:16:154:25":0,"s:156:29:156:Infinity":2,"s:158:2:165:Infinity":3,"s:159:18:159:Infinity":4,"b:160:4:164:Infinity:undefined:undefined:undefined:undefined":0,"s:160:4:164:Infinity":5,"b:160:8:160:31:160:31:160:61":1,"s:161:6:163:Infinity":6,"b:167:2:167:Infinity:undefined:undefined:undefined:undefined":2,"s:167:2:167:Infinity":7,"s:167:37:167:78":8,"b:168:2:168:Infinity:undefined:undefined:undefined:undefined":3,"s:168:2:168:Infinity":9,"s:168:37:168:81":10,"b:170:2:172:Infinity:undefined:undefined:undefined:undefined":4,"s:170:2:172:Infinity":11,"s:171:4:171:Infinity":12,"b:174:2:176:Infinity:undefined:undefined:undefined:undefined":5,"s:174:2:176:Infinity":13,"b:174:6:174:37:174:37:174:68":6,"s:175:4:175:Infinity":14,"b:178:2:180:Infinity:undefined:undefined:undefined:undefined":7,"s:178:2:180:Infinity":15,"b:178:6:178:38:178:38:178:59:178:59:178:82:178:82:178:117":8,"s:179:4:179:Infinity":16,"b:182:2:184:Infinity:undefined:undefined:undefined:undefined":9,"s:182:2:184:Infinity":17,"b:182:6:182:39:182:39:182:73":10,"s:183:4:183:Infinity":18,"b:186:2:190:Infinity:undefined:undefined:undefined:undefined":11,"s:186:2:190:Infinity":19,"b:186:6:186:39:186:39:186:78":12,"s:187:4:189:Infinity":20,"b:192:2:194:Infinity:undefined:undefined:undefined:undefined":13,"s:192:2:194:Infinity":21,"b:192:6:192:37:192:37:192:69":14,"s:193:4:193:Infinity":22,"s:196:2:196:Infinity":23,"f:201:9:201:13":1,"s:202:2:202:Infinity":24,"b:202:31:202:39:202:39:202:Infinity":15,"b:202:47:202:51:202:51:202:Infinity":16,"f:219:16:219:Infinity":2,"b:223:25:223:Infinity":17,"s:226:19:226:Infinity":25,"b:227:2:229:Infinity:undefined:undefined:undefined:undefined":18,"s:227:2:229:Infinity":26,"s:228:4:228:Infinity":27,"s:231:15:231:Infinity":28,"s:232:15:232:26":29,"s:234:2:279:Infinity":30,"b:260:35:260:54:260:54:260:Infinity":19,"b:261:19:261:37:261:37:261:43":20,"b:261:43:261:62:261:62:261:68":21,"b:261:68:261:82:261:82:261:Infinity":22,"b:262:4:262:18:262:18:262:24":23,"b:262:24:262:45:262:45:262:Infinity":24,"b:263:4:263:21:263:21:263:27":25,"b:263:27:263:46:263:46:263:52":26,"b:263:52:263:68:263:68:263:Infinity":27,"b:264:4:264:28:264:28:264:34":28,"b:264:34:264:47:264:47:264:53":29,"b:264:53:264:70:264:70:264:76":30,"b:264:76:264:95:264:95:264:Infinity":31,"b:265:21:265:36:265:36:265:Infinity":32,"b:266:31:266:49:266:49:266:Infinity":33,"b:268:4:268:23:268:23:268:29":34,"b:268:29:268:49:268:49:268:55":35,"b:268:55:268:76:268:76:268:Infinity":36,"b:269:4:269:23:269:23:269:29":37,"b:269:29:269:50:269:50:269:Infinity":38,"b:270:4:270:27:270:27:270:33":39,"b:270:33:270:55:270:55:270:61":40,"b:270:61:270:85:270:85:270:Infinity":41,"b:271:4:271:24:271:24:271:Infinity":42,"b:272:4:272:22:272:22:272:28":43,"b:272:28:272:43:272:43:272:49":44,"b:273:4:273:18:273:18:273:24":45,"b:273:24:273:46:273:46:273:52":46,"b:273:52:273:66:273:66:273:72":47,"b:273:72:273:88:273:88:273:Infinity":48,"b:274:4:274:24:274:24:274:30":49,"b:274:30:274:54:274:54:274:Infinity":50,"b:275:4:275:23:275:23:275:29":51,"b:275:29:275:46:275:46:275:52":52,"b:275:52:275:69:275:69:275:Infinity":53,"b:276:4:276:23:276:23:276:29":54,"b:276:29:276:44:276:44:276:Infinity":55,"b:277:4:277:18:277:18:277:24":56,"b:277:24:277:40:277:40:277:46":57,"b:277:46:277:60:277:60:277:66":58,"b:277:66:277:83:277:83:277:Infinity":59,"b:278:19:278:42:278:42:278:Infinity":60,"s:281:14:281:Infinity":31,"s:282:14:282:Infinity":32,"b:282:21:282:36:282:36:282:37":61,"s:284:2:284:Infinity":33,"f:299:16:299:36":3,"s:300:14:303:Infinity":34,"s:304:2:304:Infinity":35,"f:316:16:316:34":4,"s:317:14:321:Infinity":36,"s:322:2:322:Infinity":37,"b:322:9:322:16:322:16:322:Infinity":62,"f:335:16:335:30":5,"b:335:52:335:83":63,"s:336:15:339:Infinity":38,"s:340:2:340:Infinity":39,"f:360:16:360:33":6,"s:361:15:367:Infinity":40,"s:368:2:368:Infinity":41,"f:368:14:368:18":7,"s:368:25:368:66":42,"f:389:16:389:33":8,"b:389:55:389:86":64,"s:390:15:394:Infinity":43,"s:395:2:395:Infinity":44,"f:413:16:413:31":9,"s:414:15:417:Infinity":45,"s:418:2:418:Infinity":46,"f:418:14:418:18":10,"s:418:25:418:47":47},"fnNames":{}}}
,"C:\\Users\\john\\projects\\worktrees\\stonecypher_self-expression_feat_26-08-28_channel-extensions-42_2\\src\\ts\\channels\\migrate.ts": {"path":"C:\\Users\\john\\projects\\worktrees\\stonecypher_self-expression_feat_26-08-28_channel-extensions-42_2\\src\\ts\\channels\\migrate.ts","statementMap":{"0":{"start":{"line":31,"column":51},"end":{"line":44,"column":null}},"1":{"start":{"line":75,"column":18},"end":{"line":75,"column":null}},"2":{"start":{"line":77,"column":2},"end":{"line":77,"column":null}},"3":{"start":{"line":78,"column":2},"end":{"line":78,"column":null}},"4":{"start":{"line":79,"column":2},"end":{"line":95,"column":null}},"5":{"start":{"line":80,"column":4},"end":{"line":80,"column":null}},"6":{"start":{"line":81,"column":4},"end":{"line":81,"column":null}},"7":{"start":{"line":82,"column":4},"end":{"line":82,"column":null}},"8":{"start":{"line":83,"column":4},"end":{"line":83,"column":null}},"9":{"start":{"line":84,"column":4},"end":{"line":84,"column":null}},"10":{"start":{"line":84,"column":41},"end":{"line":84,"column":61}},"11":{"start":{"line":85,"column":19},"end":{"line":85,"column":null}},"12":{"start":{"line":86,"column":4},"end":{"line":88,"column":null}},"13":{"start":{"line":87,"column":6},"end":{"line":87,"column":null}},"14":{"start":{"line":89,"column":4},"end":{"line":89,"column":null}},"15":{"start":{"line":91,"column":4},"end":{"line":91,"column":null}},"16":{"start":{"line":92,"column":4},"end":{"line":92,"column":null}},"17":{"start":{"line":94,"column":4},"end":{"line":94,"column":null}},"18":{"start":{"line":103,"column":52},"end":{"line":105,"column":null}},"19":{"start":{"line":127,"column":11},"end":{"line":127,"column":null}},"20":{"start":{"line":129,"column":2},"end":{"line":136,"column":null}},"21":{"start":{"line":130,"column":17},"end":{"line":130,"column":null}},"22":{"start":{"line":130,"column":38},"end":{"line":130,"column":51}},"23":{"start":{"line":131,"column":4},"end":{"line":133,"column":null}},"24":{"start":{"line":132,"column":6},"end":{"line":132,"column":null}},"25":{"start":{"line":134,"column":4},"end":{"line":134,"column":null}},"26":{"start":{"line":135,"column":4},"end":{"line":135,"column":null}}},"fnMap":{"0":{"name":"migrateV1toV2","decl":{"start":{"line":73,"column":9},"end":{"line":73,"column":23}},"loc":{"start":{"line":73,"column":47},"end":{"line":97,"column":null}},"line":73},"1":{"name":"migrate","decl":{"start":{"line":125,"column":16},"end":{"line":125,"column":24}},"loc":{"start":{"line":125,"column":74},"end":{"line":138,"column":null}},"line":125},"2":{"name":"(anonymous_2)","decl":{"start":{"line":130,"column":28},"end":{"line":130,"column":33}},"loc":{"start":{"line":130,"column":38},"end":{"line":130,"column":51}},"line":130}},"branchMap":{"0":{"loc":{"start":{"line":86,"column":4},"end":{"line":88,"column":null}},"type":"if","locations":[{"start":{"line":86,"column":4},"end":{"line":88,"column":null}},{"start":{},"end":{}}],"line":86},"1":{"loc":{"start":{"line":131,"column":4},"end":{"line":133,"column":null}},"type":"if","locations":[{"start":{"line":131,"column":4},"end":{"line":133,"column":null}},{"start":{},"end":{}}],"line":131}},"s":{"0":3,"1":15,"2":15,"3":15,"4":15,"5":15,"6":15,"7":15,"8":15,"9":15,"10":75,"11":15,"12":15,"13":0,"14":15,"15":0,"16":0,"17":15,"18":3,"19":15,"20":15,"21":15,"22":15,"23":15,"24":0,"25":15,"26":15},"f":{"0":15,"1":15,"2":15},"b":{"0":[0,15],"1":[0,15]},"meta":{"lastBranch":2,"lastFunction":3,"lastStatement":27,"seen":{"s:31:51:44:Infinity":0,"f:73:9:73:23":0,"s:75:18:75:Infinity":1,"s:77:2:77:Infinity":2,"s:78:2:78:Infinity":3,"s:79:2:95:Infinity":4,"s:80:4:80:Infinity":5,"s:81:4:81:Infinity":6,"s:82:4:82:Infinity":7,"s:83:4:83:Infinity":8,"s:84:4:84:Infinity":9,"s:84:41:84:61":10,"s:85:19:85:Infinity":11,"b:86:4:88:Infinity:undefined:undefined:undefined:undefined":0,"s:86:4:88:Infinity":12,"s:87:6:87:Infinity":13,"s:89:4:89:Infinity":14,"s:91:4:91:Infinity":15,"s:92:4:92:Infinity":16,"s:94:4:94:Infinity":17,"s:103:52:105:Infinity":18,"f:125:16:125:24":1,"s:127:11:127:Infinity":19,"s:129:2:136:Infinity":20,"s:130:17:130:Infinity":21,"f:130:28:130:33":2,"s:130:38:130:51":22,"b:131:4:133:Infinity:undefined:undefined:undefined:undefined":1,"s:131:4:133:Infinity":23,"s:132:6:132:Infinity":24,"s:134:4:134:Infinity":25,"s:135:4:135:Infinity":26},"fnNames":{}}}
,"C:\\Users\\john\\projects\\worktrees\\stonecypher_self-expression_feat_26-08-28_channel-extensions-42_2\\src\\ts\\channels\\paths.ts": {"path":"C:\\Users\\john\\projects\\worktrees\\stonecypher_self-expression_feat_26-08-28_channel-extensions-42_2\\src\\ts\\channels\\paths.ts","statementMap":{"0":{"start":{"line":23,"column":24},"end":{"line":23,"column":null}},"1":{"start":{"line":26,"column":27},"end":{"line":26,"column":null}},"2":{"start":{"line":29,"column":23},"end":{"line":29,"column":null}},"3":{"start":{"line":54,"column":19},"end":{"line":54,"column":null}},"4":{"start":{"line":56,"column":2},"end":{"line":56,"column":null}},"5":{"start":{"line":56,"column":64},"end":{"line":56,"column":81}},"6":{"start":{"line":58,"column":2},"end":{"line":58,"column":null}},"7":{"start":{"line":72,"column":2},"end":{"line":72,"column":null}}},"fnMap":{"0":{"name":"dataDir","decl":{"start":{"line":49,"column":16},"end":{"line":49,"column":null}},"loc":{"start":{"line":52,"column":10},"end":{"line":60,"column":null}},"line":52},"1":{"name":"dbPath","decl":{"start":{"line":68,"column":16},"end":{"line":68,"column":null}},"loc":{"start":{"line":71,"column":10},"end":{"line":73,"column":null}},"line":71}},"branchMap":{"0":{"loc":{"start":{"line":50,"column":2},"end":{"line":50,"column":null}},"type":"default-arg","locations":[{"start":{"line":50,"column":46},"end":{"line":50,"column":null}}],"line":50},"1":{"loc":{"start":{"line":51,"column":2},"end":{"line":51,"column":54}},"type":"default-arg","locations":[{"start":{"line":51,"column":46},"end":{"line":51,"column":54}}],"line":51},"2":{"loc":{"start":{"line":56,"column":2},"end":{"line":56,"column":null}},"type":"if","locations":[{"start":{"line":56,"column":2},"end":{"line":56,"column":null}},{"start":{},"end":{}}],"line":56},"3":{"loc":{"start":{"line":56,"column":6},"end":{"line":56,"column":62}},"type":"binary-expr","locations":[{"start":{"line":56,"column":6},"end":{"line":56,"column":38}},{"start":{"line":56,"column":38},"end":{"line":56,"column":62}}],"line":56},"4":{"loc":{"start":{"line":69,"column":2},"end":{"line":69,"column":null}},"type":"default-arg","locations":[{"start":{"line":69,"column":46},"end":{"line":69,"column":null}}],"line":69},"5":{"loc":{"start":{"line":70,"column":2},"end":{"line":70,"column":54}},"type":"default-arg","locations":[{"start":{"line":70,"column":46},"end":{"line":70,"column":54}}],"line":70}},"s":{"0":3,"1":3,"2":3,"3":0,"4":0,"5":0,"6":0,"7":0},"f":{"0":0,"1":0},"b":{"0":[0],"1":[0],"2":[0,0],"3":[0,0],"4":[0],"5":[0]},"meta":{"lastBranch":6,"lastFunction":2,"lastStatement":8,"seen":{"s:23:24:23:Infinity":0,"s:26:27:26:Infinity":1,"s:29:23:29:Infinity":2,"f:49:16:49:Infinity":0,"b:50:46:50:Infinity":0,"b:51:46:51:54":1,"s:54:19:54:Infinity":3,"b:56:2:56:Infinity:undefined:undefined:undefined:undefined":2,"s:56:2:56:Infinity":4,"b:56:6:56:38:56:38:56:62":3,"s:56:64:56:81":5,"s:58:2:58:Infinity":6,"f:68:16:68:Infinity":1,"b:69:46:69:Infinity":4,"b:70:46:70:54":5,"s:72:2:72:Infinity":7},"fnNames":{}}}
,"C:\\Users\\john\\projects\\worktrees\\stonecypher_self-expression_feat_26-08-28_channel-extensions-42_2\\src\\ts\\channels\\privacy.ts": {"path":"C:\\Users\\john\\projects\\worktrees\\stonecypher_self-expression_feat_26-08-28_channel-extensions-42_2\\src\\ts\\channels\\privacy.ts","statementMap":{"0":{"start":{"line":39,"column":2},"end":{"line":42,"column":null}}},"fnMap":{"0":{"name":"privacyFlags","decl":{"start":{"line":38,"column":16},"end":{"line":38,"column":29}},"loc":{"start":{"line":38,"column":57},"end":{"line":43,"column":null}},"line":38}},"branchMap":{},"s":{"0":0},"f":{"0":0},"b":{},"meta":{"lastBranch":0,"lastFunction":1,"lastStatement":1,"seen":{"f:38:16:38:29":0,"s:39:2:42:Infinity":0},"fnNames":{}}}
,"C:\\Users\\john\\projects\\worktrees\\stonecypher_self-expression_feat_26-08-28_channel-extensions-42_2\\src\\ts\\channels\\schema.ts": {"path":"C:\\Users\\john\\projects\\worktrees\\stonecypher_self-expression_feat_26-08-28_channel-extensions-42_2\\src\\ts\\channels\\schema.ts","statementMap":{"0":{"start":{"line":39,"column":30},"end":{"line":39,"column":null}},"1":{"start":{"line":55,"column":2},"end":{"line":55,"column":null}},"2":{"start":{"line":55,"column":74},"end":{"line":55,"column":82}},"3":{"start":{"line":77,"column":2},"end":{"line":132,"column":null}},"4":{"start":{"line":154,"column":35},"end":{"line":154,"column":null}},"5":{"start":{"line":169,"column":40},"end":{"line":169,"column":null}},"6":{"start":{"line":188,"column":24},"end":{"line":188,"column":null}},"7":{"start":{"line":200,"column":26},"end":{"line":200,"column":null}},"8":{"start":{"line":208,"column":44},"end":{"line":214,"column":null}},"9":{"start":{"line":225,"column":42},"end":{"line":231,"column":null}}},"fnMap":{"0":{"name":"check","decl":{"start":{"line":54,"column":16},"end":{"line":54,"column":22}},"loc":{"start":{"line":54,"column":77},"end":{"line":56,"column":null}},"line":54},"1":{"name":"(anonymous_1)","decl":{"start":{"line":55,"column":65},"end":{"line":55,"column":69}},"loc":{"start":{"line":55,"column":74},"end":{"line":55,"column":82}},"line":55},"2":{"name":"entriesDdl","decl":{"start":{"line":76,"column":16},"end":{"line":76,"column":27}},"loc":{"start":{"line":76,"column":62},"end":{"line":144,"column":null}},"line":76}},"branchMap":{"0":{"loc":{"start":{"line":76,"column":27},"end":{"line":76,"column":62}},"type":"default-arg","locations":[{"start":{"line":76,"column":43},"end":{"line":76,"column":62}}],"line":76}},"s":{"0":3,"1":198,"2":1026,"3":18,"4":3,"5":3,"6":3,"7":3,"8":3,"9":3},"f":{"0":198,"1":1026,"2":18},"b":{"0":[18]},"meta":{"lastBranch":1,"lastFunction":3,"lastStatement":10,"seen":{"s:39:30:39:Infinity":0,"f:54:16:54:22":0,"s:55:2:55:Infinity":1,"f:55:65:55:69":1,"s:55:74:55:82":2,"f:76:16:76:27":2,"b:76:43:76:62":0,"s:77:2:132:Infinity":3,"s:154:35:154:Infinity":4,"s:169:40:169:Infinity":5,"s:188:24:188:Infinity":6,"s:200:26:200:Infinity":7,"s:208:44:214:Infinity":8,"s:225:42:231:Infinity":9},"fnNames":{}}}
,"C:\\Users\\john\\projects\\worktrees\\stonecypher_self-expression_feat_26-08-28_channel-extensions-42_2\\src\\ts\\channels\\store.ts": {"path":"C:\\Users\\john\\projects\\worktrees\\stonecypher_self-expression_feat_26-08-28_channel-extensions-42_2\\src\\ts\\channels\\store.ts","statementMap":{"0":{"start":{"line":46,"column":14},"end":{"line":46,"column":null}},"1":{"start":{"line":47,"column":2},"end":{"line":47,"column":null}},"2":{"start":{"line":57,"column":2},"end":{"line":60,"column":null}},"3":{"start":{"line":74,"column":14},"end":{"line":74,"column":null}},"4":{"start":{"line":75,"column":2},"end":{"line":75,"column":null}},"5":{"start":{"line":89,"column":2},"end":{"line":92,"column":null}},"6":{"start":{"line":106,"column":38},"end":{"line":106,"column":null}},"7":{"start":{"line":107,"column":2},"end":{"line":109,"column":null}},"8":{"start":{"line":108,"column":4},"end":{"line":108,"column":null}},"9":{"start":{"line":110,"column":2},"end":{"line":110,"column":null}},"10":{"start":{"line":144,"column":2},"end":{"line":144,"column":null}},"11":{"start":{"line":146,"column":13},"end":{"line":146,"column":null}},"12":{"start":{"line":147,"column":2},"end":{"line":147,"column":null}},"13":{"start":{"line":147,"column":37},"end":{"line":147,"column":57}},"14":{"start":{"line":149,"column":25},"end":{"line":149,"column":null}},"15":{"start":{"line":151,"column":20},"end":{"line":151,"column":null}},"16":{"start":{"line":152,"column":20},"end":{"line":152,"column":null}},"17":{"start":{"line":154,"column":2},"end":{"line":157,"column":null}},"18":{"start":{"line":155,"column":4},"end":{"line":155,"column":null}},"19":{"start":{"line":156,"column":4},"end":{"line":156,"column":null}},"20":{"start":{"line":159,"column":2},"end":{"line":164,"column":null}},"21":{"start":{"line":160,"column":4},"end":{"line":160,"column":null}},"22":{"start":{"line":161,"column":4},"end":{"line":163,"column":null}},"23":{"start":{"line":166,"column":2},"end":{"line":168,"column":null}},"24":{"start":{"line":167,"column":4},"end":{"line":167,"column":null}},"25":{"start":{"line":170,"column":2},"end":{"line":172,"column":null}},"26":{"start":{"line":171,"column":4},"end":{"line":171,"column":null}},"27":{"start":{"line":174,"column":2},"end":{"line":174,"column":null}},"28":{"start":{"line":175,"column":2},"end":{"line":175,"column":null}},"29":{"start":{"line":177,"column":20},"end":{"line":177,"column":null}},"30":{"start":{"line":178,"column":20},"end":{"line":178,"column":43}},"31":{"start":{"line":180,"column":2},"end":{"line":180,"column":null}},"32":{"start":{"line":180,"column":27},"end":{"line":180,"column":72}},"33":{"start":{"line":182,"column":2},"end":{"line":182,"column":null}},"34":{"start":{"line":193,"column":2},"end":{"line":193,"column":null}},"35":{"start":{"line":193,"column":8},"end":{"line":193,"column":26}}},"fnMap":{"0":{"name":"readMeta","decl":{"start":{"line":45,"column":16},"end":{"line":45,"column":25}},"loc":{"start":{"line":45,"column":67},"end":{"line":48,"column":null}},"line":45},"1":{"name":"writeMeta","decl":{"start":{"line":56,"column":16},"end":{"line":56,"column":26}},"loc":{"start":{"line":56,"column":74},"end":{"line":61,"column":null}},"line":56},"2":{"name":"readConfig","decl":{"start":{"line":73,"column":16},"end":{"line":73,"column":27}},"loc":{"start":{"line":73,"column":69},"end":{"line":76,"column":null}},"line":73},"3":{"name":"writeConfig","decl":{"start":{"line":88,"column":16},"end":{"line":88,"column":28}},"loc":{"start":{"line":88,"column":81},"end":{"line":93,"column":null}},"line":88},"4":{"name":"allConfig","decl":{"start":{"line":105,"column":16},"end":{"line":105,"column":26}},"loc":{"start":{"line":105,"column":64},"end":{"line":111,"column":null}},"line":105},"5":{"name":"openStore","decl":{"start":{"line":142,"column":16},"end":{"line":142,"column":26}},"loc":{"start":{"line":142,"column":58},"end":{"line":184,"column":null}},"line":142},"6":{"name":"closeStore","decl":{"start":{"line":192,"column":16},"end":{"line":192,"column":27}},"loc":{"start":{"line":192,"column":47},"end":{"line":194,"column":null}},"line":192}},"branchMap":{"0":{"loc":{"start":{"line":47,"column":9},"end":{"line":47,"column":null}},"type":"cond-expr","locations":[{"start":{"line":47,"column":15},"end":{"line":47,"column":38}},{"start":{"line":47,"column":38},"end":{"line":47,"column":null}}],"line":47},"1":{"loc":{"start":{"line":75,"column":9},"end":{"line":75,"column":null}},"type":"cond-expr","locations":[{"start":{"line":75,"column":15},"end":{"line":75,"column":38}},{"start":{"line":75,"column":38},"end":{"line":75,"column":null}}],"line":75},"2":{"loc":{"start":{"line":142,"column":26},"end":{"line":142,"column":48}},"type":"default-arg","locations":[{"start":{"line":142,"column":41},"end":{"line":142,"column":48}}],"line":142},"3":{"loc":{"start":{"line":152,"column":20},"end":{"line":152,"column":null}},"type":"cond-expr","locations":[{"start":{"line":152,"column":41},"end":{"line":152,"column":48}},{"start":{"line":152,"column":48},"end":{"line":152,"column":null}}],"line":152},"4":{"loc":{"start":{"line":154,"column":2},"end":{"line":157,"column":null}},"type":"if","locations":[{"start":{"line":154,"column":2},"end":{"line":157,"column":null}},{"start":{},"end":{}}],"line":154},"5":{"loc":{"start":{"line":154,"column":6},"end":{"line":154,"column":52}},"type":"binary-expr","locations":[{"start":{"line":154,"column":6},"end":{"line":154,"column":25}},{"start":{"line":154,"column":25},"end":{"line":154,"column":52}}],"line":154},"6":{"loc":{"start":{"line":156,"column":46},"end":{"line":156,"column":62}},"type":"binary-expr","locations":[{"start":{"line":156,"column":46},"end":{"line":156,"column":59}},{"start":{"line":156,"column":59},"end":{"line":156,"column":62}}],"line":156},"7":{"loc":{"start":{"line":159,"column":2},"end":{"line":164,"column":null}},"type":"if","locations":[{"start":{"line":159,"column":2},"end":{"line":164,"column":null}},{"start":{},"end":{}}],"line":159},"8":{"loc":{"start":{"line":159,"column":6},"end":{"line":159,"column":50}},"type":"binary-expr","locations":[{"start":{"line":159,"column":6},"end":{"line":159,"column":25}},{"start":{"line":159,"column":25},"end":{"line":159,"column":50}}],"line":159},"9":{"loc":{"start":{"line":166,"column":2},"end":{"line":168,"column":null}},"type":"if","locations":[{"start":{"line":166,"column":2},"end":{"line":168,"column":null}},{"start":{},"end":{}}],"line":166},"10":{"loc":{"start":{"line":166,"column":6},"end":{"line":166,"column":50}},"type":"binary-expr","locations":[{"start":{"line":166,"column":6},"end":{"line":166,"column":25}},{"start":{"line":166,"column":25},"end":{"line":166,"column":50}}],"line":166},"11":{"loc":{"start":{"line":170,"column":2},"end":{"line":172,"column":null}},"type":"if","locations":[{"start":{"line":170,"column":2},"end":{"line":172,"column":null}},{"start":{},"end":{}}],"line":170},"12":{"loc":{"start":{"line":178,"column":20},"end":{"line":178,"column":43}},"type":"binary-expr","locations":[{"start":{"line":178,"column":20},"end":{"line":178,"column":32}},{"start":{"line":178,"column":32},"end":{"line":178,"column":43}}],"line":178},"13":{"loc":{"start":{"line":180,"column":2},"end":{"line":180,"column":null}},"type":"if","locations":[{"start":{"line":180,"column":2},"end":{"line":180,"column":null}},{"start":{},"end":{}}],"line":180}},"s":{"0":66,"1":66,"2":38,"3":0,"4":0,"5":0,"6":0,"7":0,"8":0,"9":0,"10":17,"11":17,"12":17,"13":153,"14":17,"15":17,"16":17,"17":17,"18":0,"19":0,"20":17,"21":0,"22":0,"23":17,"24":15,"25":17,"26":2,"27":17,"28":17,"29":17,"30":17,"31":17,"32":2,"33":17,"34":17,"35":17},"f":{"0":66,"1":38,"2":0,"3":0,"4":0,"5":17,"6":17},"b":{"0":[60,6],"1":[0,0],"2":[17],"3":[2,15],"4":[0,17],"5":[17,15],"6":[0,0],"7":[0,17],"8":[17,15],"9":[15,2],"10":[17,15],"11":[2,15],"12":[17,2],"13":[2,15]},"meta":{"lastBranch":14,"lastFunction":7,"lastStatement":36,"seen":{"f:45:16:45:25":0,"s:46:14:46:Infinity":0,"s:47:2:47:Infinity":1,"b:47:15:47:38:47:38:47:Infinity":0,"f:56:16:56:26":1,"s:57:2:60:Infinity":2,"f:73:16:73:27":2,"s:74:14:74:Infinity":3,"s:75:2:75:Infinity":4,"b:75:15:75:38:75:38:75:Infinity":1,"f:88:16:88:28":3,"s:89:2:92:Infinity":5,"f:105:16:105:26":4,"s:106:38:106:Infinity":6,"s:107:2:109:Infinity":7,"s:108:4:108:Infinity":8,"s:110:2:110:Infinity":9,"f:142:16:142:26":5,"b:142:41:142:48":2,"s:144:2:144:Infinity":10,"s:146:13:146:Infinity":11,"s:147:2:147:Infinity":12,"s:147:37:147:57":13,"s:149:25:149:Infinity":14,"s:151:20:151:Infinity":15,"s:152:20:152:Infinity":16,"b:152:41:152:48:152:48:152:Infinity":3,"b:154:2:157:Infinity:undefined:undefined:undefined:undefined":4,"s:154:2:157:Infinity":17,"b:154:6:154:25:154:25:154:52":5,"s:155:4:155:Infinity":18,"s:156:4:156:Infinity":19,"b:156:46:156:59:156:59:156:62":6,"b:159:2:164:Infinity:undefined:undefined:undefined:undefined":7,"s:159:2:164:Infinity":20,"b:159:6:159:25:159:25:159:50":8,"s:160:4:160:Infinity":21,"s:161:4:163:Infinity":22,"b:166:2:168:Infinity:undefined:undefined:undefined:undefined":9,"s:166:2:168:Infinity":23,"b:166:6:166:25:166:25:166:50":10,"s:167:4:167:Infinity":24,"b:170:2:172:Infinity:undefined:undefined:undefined:undefined":11,"s:170:2:172:Infinity":25,"s:171:4:171:Infinity":26,"s:174:2:174:Infinity":27,"s:175:2:175:Infinity":28,"s:177:20:177:Infinity":29,"s:178:20:178:43":30,"b:178:20:178:32:178:32:178:43":12,"b:180:2:180:Infinity:undefined:undefined:undefined:undefined":13,"s:180:2:180:Infinity":31,"s:180:27:180:72":32,"s:182:2:182:Infinity":33,"f:192:16:192:27":6,"s:193:2:193:Infinity":34,"s:193:8:193:26":35},"fnNames":{}}}
,"C:\\Users\\john\\projects\\worktrees\\stonecypher_self-expression_feat_26-08-28_channel-extensions-42_2\\src\\ts\\channels\\time.ts": {"path":"C:\\Users\\john\\projects\\worktrees\\stonecypher_self-expression_feat_26-08-28_channel-extensions-42_2\\src\\ts\\channels\\time.ts","statementMap":{"0":{"start":{"line":38,"column":2},"end":{"line":51,"column":null}},"1":{"start":{"line":40,"column":18},"end":{"line":40,"column":null}},"2":{"start":{"line":41,"column":18},"end":{"line":41,"column":null}},"3":{"start":{"line":41,"column":34},"end":{"line":41,"column":59}},"4":{"start":{"line":43,"column":4},"end":{"line":43,"column":null}},"5":{"start":{"line":43,"column":39},"end":{"line":43,"column":59}},"6":{"start":{"line":45,"column":4},"end":{"line":45,"column":null}},"7":{"start":{"line":49,"column":4},"end":{"line":49,"column":null}},"8":{"start":{"line":68,"column":17},"end":{"line":68,"column":null}},"9":{"start":{"line":69,"column":17},"end":{"line":69,"column":null}},"10":{"start":{"line":70,"column":17},"end":{"line":70,"column":null}},"11":{"start":{"line":71,"column":17},"end":{"line":71,"column":null}},"12":{"start":{"line":73,"column":2},"end":{"line":73,"column":null}},"13":{"start":{"line":88,"column":13},"end":{"line":88,"column":null}},"14":{"start":{"line":90,"column":2},"end":{"line":94,"column":null}}},"fnMap":{"0":{"name":"zoneAbbreviation","decl":{"start":{"line":36,"column":16},"end":{"line":36,"column":33}},"loc":{"start":{"line":36,"column":53},"end":{"line":53,"column":null}},"line":36},"1":{"name":"(anonymous_1)","decl":{"start":{"line":41,"column":24},"end":{"line":41,"column":29}},"loc":{"start":{"line":41,"column":34},"end":{"line":41,"column":59}},"line":41},"2":{"name":"clockTime","decl":{"start":{"line":66,"column":16},"end":{"line":66,"column":26}},"loc":{"start":{"line":66,"column":46},"end":{"line":75,"column":null}},"line":66},"3":{"name":"stamp","decl":{"start":{"line":86,"column":16},"end":{"line":86,"column":22}},"loc":{"start":{"line":86,"column":54},"end":{"line":96,"column":null}},"line":86}},"branchMap":{"0":{"loc":{"start":{"line":43,"column":4},"end":{"line":43,"column":null}},"type":"if","locations":[{"start":{"line":43,"column":4},"end":{"line":43,"column":null}},{"start":{},"end":{}}],"line":43},"1":{"loc":{"start":{"line":43,"column":8},"end":{"line":43,"column":37}},"type":"binary-expr","locations":[{"start":{"line":43,"column":8},"end":{"line":43,"column":17}},{"start":{"line":43,"column":17},"end":{"line":43,"column":37}}],"line":43},"2":{"loc":{"start":{"line":69,"column":17},"end":{"line":69,"column":null}},"type":"cond-expr","locations":[{"start":{"line":69,"column":29},"end":{"line":69,"column":36}},{"start":{"line":69,"column":36},"end":{"line":69,"column":null}}],"line":69},"3":{"loc":{"start":{"line":70,"column":17},"end":{"line":70,"column":null}},"type":"cond-expr","locations":[{"start":{"line":70,"column":34},"end":{"line":70,"column":39}},{"start":{"line":70,"column":39},"end":{"line":70,"column":null}}],"line":70},"4":{"loc":{"start":{"line":86,"column":22},"end":{"line":86,"column":54}},"type":"default-arg","locations":[{"start":{"line":86,"column":35},"end":{"line":86,"column":54}}],"line":86}},"s":{"0":344,"1":344,"2":344,"3":2408,"4":344,"5":344,"6":0,"7":0,"8":344,"9":344,"10":344,"11":344,"12":344,"13":344,"14":344},"f":{"0":344,"1":2408,"2":344,"3":344},"b":{"0":[344,0],"1":[344,344],"2":[0,344],"3":[0,344],"4":[344]},"meta":{"lastBranch":5,"lastFunction":4,"lastStatement":15,"seen":{"f:36:16:36:33":0,"s:38:2:51:Infinity":0,"s:40:18:40:Infinity":1,"s:41:18:41:Infinity":2,"f:41:24:41:29":1,"s:41:34:41:59":3,"b:43:4:43:Infinity:undefined:undefined:undefined:undefined":0,"s:43:4:43:Infinity":4,"b:43:8:43:17:43:17:43:37":1,"s:43:39:43:59":5,"s:45:4:45:Infinity":6,"s:49:4:49:Infinity":7,"f:66:16:66:26":2,"s:68:17:68:Infinity":8,"s:69:17:69:Infinity":9,"b:69:29:69:36:69:36:69:Infinity":2,"s:70:17:70:Infinity":10,"b:70:34:70:39:70:39:70:Infinity":3,"s:71:17:71:Infinity":11,"s:73:2:73:Infinity":12,"f:86:16:86:22":3,"b:86:35:86:54":4,"s:88:13:88:Infinity":13,"s:90:2:94:Infinity":14},"fnNames":{}}}
,"C:\\Users\\john\\projects\\worktrees\\stonecypher_self-expression_feat_26-08-28_channel-extensions-42_2\\src\\ts\\channels\\vocabulary.ts": {"path":"C:\\Users\\john\\projects\\worktrees\\stonecypher_self-expression_feat_26-08-28_channel-extensions-42_2\\src\\ts\\channels\\vocabulary.ts","statementMap":{"0":{"start":{"line":18,"column":24},"end":{"line":31,"column":null}},"1":{"start":{"line":34,"column":25},"end":{"line":34,"column":null}},"2":{"start":{"line":37,"column":22},"end":{"line":37,"column":null}},"3":{"start":{"line":45,"column":21},"end":{"line":45,"column":null}},"4":{"start":{"line":48,"column":23},"end":{"line":48,"column":null}},"5":{"start":{"line":59,"column":34},"end":{"line":65,"column":null}},"6":{"start":{"line":78,"column":33},"end":{"line":82,"column":null}},"7":{"start":{"line":100,"column":32},"end":{"line":107,"column":null}},"8":{"start":{"line":122,"column":29},"end":{"line":127,"column":null}},"9":{"start":{"line":136,"column":26},"end":{"line":143,"column":null}},"10":{"start":{"line":159,"column":21},"end":{"line":166,"column":null}},"11":{"start":{"line":186,"column":35},"end":{"line":186,"column":null}},"12":{"start":{"line":217,"column":2},"end":{"line":217,"column":null}},"13":{"start":{"line":230,"column":2},"end":{"line":230,"column":null}},"14":{"start":{"line":230,"column":29},"end":{"line":230,"column":37}}},"fnMap":{"0":{"name":"isMember","decl":{"start":{"line":213,"column":16},"end":{"line":213,"column":null}},"loc":{"start":{"line":216,"column":14},"end":{"line":218,"column":null}},"line":216},"1":{"name":"describeVocabulary","decl":{"start":{"line":229,"column":16},"end":{"line":229,"column":35}},"loc":{"start":{"line":229,"column":74},"end":{"line":231,"column":null}},"line":229},"2":{"name":"(anonymous_2)","decl":{"start":{"line":230,"column":20},"end":{"line":230,"column":24}},"loc":{"start":{"line":230,"column":29},"end":{"line":230,"column":37}},"line":230}},"branchMap":{"0":{"loc":{"start":{"line":217,"column":9},"end":{"line":217,"column":null}},"type":"binary-expr","locations":[{"start":{"line":217,"column":9},"end":{"line":217,"column":39}},{"start":{"line":217,"column":39},"end":{"line":217,"column":null}}],"line":217}},"s":{"0":8,"1":8,"2":8,"3":8,"4":8,"5":8,"6":8,"7":8,"8":8,"9":8,"10":8,"11":8,"12":3355,"13":233,"14":1205},"f":{"0":3355,"1":233,"2":1205},"b":{"0":[3355,3355]},"meta":{"lastBranch":1,"lastFunction":3,"lastStatement":15,"seen":{"s:18:24:31:Infinity":0,"s:34:25:34:Infinity":1,"s:37:22:37:Infinity":2,"s:45:21:45:Infinity":3,"s:48:23:48:Infinity":4,"s:59:34:65:Infinity":5,"s:78:33:82:Infinity":6,"s:100:32:107:Infinity":7,"s:122:29:127:Infinity":8,"s:136:26:143:Infinity":9,"s:159:21:166:Infinity":10,"s:186:35:186:Infinity":11,"f:213:16:213:Infinity":0,"s:217:2:217:Infinity":12,"b:217:9:217:39:217:39:217:Infinity":0,"f:229:16:229:35":1,"s:230:2:230:Infinity":13,"f:230:20:230:24":2,"s:230:29:230:37":14},"fnNames":{}}}
,"C:\\Users\\john\\projects\\worktrees\\stonecypher_self-expression_feat_26-08-28_channel-extensions-42_2\\src\\ts\\charts\\bars.ts": {"path":"C:\\Users\\john\\projects\\worktrees\\stonecypher_self-expression_feat_26-08-28_channel-extensions-42_2\\src\\ts\\charts\\bars.ts","statementMap":{"0":{"start":{"line":33,"column":16},"end":{"line":33,"column":null}},"1":{"start":{"line":34,"column":2},"end":{"line":36,"column":null}},"2":{"start":{"line":35,"column":4},"end":{"line":35,"column":null}},"3":{"start":{"line":37,"column":2},"end":{"line":37,"column":null}},"4":{"start":{"line":59,"column":2},"end":{"line":59,"column":null}},"5":{"start":{"line":66,"column":39},"end":{"line":74,"column":null}},"6":{"start":{"line":76,"column":20},"end":{"line":76,"column":null}},"7":{"start":{"line":77,"column":20},"end":{"line":77,"column":null}},"8":{"start":{"line":92,"column":15},"end":{"line":92,"column":null}},"9":{"start":{"line":93,"column":2},"end":{"line":93,"column":null}},"10":{"start":{"line":124,"column":2},"end":{"line":126,"column":null}},"11":{"start":{"line":125,"column":4},"end":{"line":125,"column":null}},"12":{"start":{"line":127,"column":2},"end":{"line":129,"column":null}},"13":{"start":{"line":128,"column":4},"end":{"line":128,"column":null}},"14":{"start":{"line":130,"column":2},"end":{"line":132,"column":null}},"15":{"start":{"line":131,"column":4},"end":{"line":131,"column":null}},"16":{"start":{"line":133,"column":2},"end":{"line":135,"column":null}},"17":{"start":{"line":134,"column":4},"end":{"line":134,"column":null}},"18":{"start":{"line":137,"column":20},"end":{"line":137,"column":null}},"19":{"start":{"line":138,"column":18},"end":{"line":138,"column":null}},"20":{"start":{"line":139,"column":15},"end":{"line":139,"column":null}},"21":{"start":{"line":140,"column":22},"end":{"line":140,"column":null}},"22":{"start":{"line":141,"column":20},"end":{"line":141,"column":null}},"23":{"start":{"line":143,"column":24},"end":{"line":143,"column":null}},"24":{"start":{"line":144,"column":2},"end":{"line":144,"column":null}},"25":{"start":{"line":144,"column":15},"end":{"line":144,"column":18}},"26":{"start":{"line":144,"column":35},"end":{"line":144,"column":57}},"27":{"start":{"line":145,"column":2},"end":{"line":145,"column":null}},"28":{"start":{"line":145,"column":21},"end":{"line":145,"column":65}},"29":{"start":{"line":147,"column":20},"end":{"line":147,"column":null}},"30":{"start":{"line":148,"column":2},"end":{"line":148,"column":null}},"31":{"start":{"line":150,"column":2},"end":{"line":150,"column":null}},"32":{"start":{"line":153,"column":25},"end":{"line":153,"column":null}},"33":{"start":{"line":185,"column":2},"end":{"line":187,"column":null}},"34":{"start":{"line":186,"column":4},"end":{"line":186,"column":null}},"35":{"start":{"line":188,"column":2},"end":{"line":190,"column":null}},"36":{"start":{"line":189,"column":4},"end":{"line":189,"column":null}},"37":{"start":{"line":191,"column":2},"end":{"line":193,"column":null}},"38":{"start":{"line":192,"column":4},"end":{"line":192,"column":null}},"39":{"start":{"line":195,"column":19},"end":{"line":195,"column":null}},"40":{"start":{"line":196,"column":18},"end":{"line":196,"column":null}},"41":{"start":{"line":197,"column":15},"end":{"line":197,"column":null}},"42":{"start":{"line":198,"column":22},"end":{"line":198,"column":null}},"43":{"start":{"line":199,"column":20},"end":{"line":199,"column":null}},"44":{"start":{"line":200,"column":19},"end":{"line":200,"column":null}},"45":{"start":{"line":201,"column":19},"end":{"line":201,"column":null}},"46":{"start":{"line":203,"column":16},"end":{"line":203,"column":null}},"47":{"start":{"line":204,"column":14},"end":{"line":204,"column":null}},"48":{"start":{"line":205,"column":20},"end":{"line":205,"column":null}},"49":{"start":{"line":209,"column":32},"end":{"line":209,"column":null}},"50":{"start":{"line":210,"column":32},"end":{"line":210,"column":null}},"51":{"start":{"line":212,"column":2},"end":{"line":214,"column":null}},"52":{"start":{"line":251,"column":35},"end":{"line":255,"column":null}},"53":{"start":{"line":257,"column":2},"end":{"line":263,"
[...]
lumn":null}},"37":{"start":{"line":290,"column":20},"end":{"line":290,"column":null}},"38":{"start":{"line":291,"column":4},"end":{"line":291,"column":null}},"39":{"start":{"line":294,"column":2},"end":{"line":312,"column":null}},"40":{"start":{"line":305,"column":21},"end":{"line":305,"column":null}},"41":{"start":{"line":306,"column":21},"end":{"line":306,"column":null}},"42":{"start":{"line":307,"column":21},"end":{"line":307,"column":null}},"43":{"start":{"line":308,"column":21},"end":{"line":308,"column":null}},"44":{"start":{"line":310,"column":4},"end":{"line":310,"column":null}},"45":{"start":{"line":314,"column":2},"end":{"line":323,"column":null}},"46":{"start":{"line":319,"column":21},"end":{"line":319,"column":null}},"47":{"start":{"line":320,"column":21},"end":{"line":321,"column":null}},"48":{"start":{"line":322,"column":4},"end":{"line":322,"column":null}},"49":{"start":{"line":325,"column":2},"end":{"line":348,"column":null}},"50":{"start":{"line":337,"column":4},"end":{"line":337,"column":null}},"51":{"start":{"line":337,"column":30},"end":{"line":337,"column":87}},"52":{"start":{"line":339,"column":4},"end":{"line":339,"column":null}},"53":{"start":{"line":339,"column":34},"end":{"line":339,"column":92}},"54":{"start":{"line":341,"column":4},"end":{"line":341,"column":null}},"55":{"start":{"line":341,"column":29},"end":{"line":341,"column":107}},"56":{"start":{"line":343,"column":4},"end":{"line":343,"column":null}},"57":{"start":{"line":343,"column":36},"end":{"line":343,"column":88}},"58":{"start":{"line":345,"column":4},"end":{"line":345,"column":null}},"59":{"start":{"line":346,"column":4},"end":{"line":346,"column":null}}},"fnMap":{"0":{"name":"enabledChannels","decl":{"start":{"line":51,"column":16},"end":{"line":51,"column":32}},"loc":{"start":{"line":51,"column":66},"end":{"line":61,"column":null}},"line":51},"1":{"name":"(anonymous_1)","decl":{"start":{"line":56,"column":31},"end":{"line":56,"column":35}},"loc":{"start":{"line":56,"column":40},"end":{"line":56,"column":48}},"line":56},"2":{"name":"(anonymous_2)","decl":{"start":{"line":56,"column":50},"end":{"line":56,"column":57}},"loc":{"start":{"line":56,"column":62},"end":{"line":56,"column":70}},"line":56},"3":{"name":"(anonymous_3)","decl":{"start":{"line":57,"column":25},"end":{"line":57,"column":32}},"loc":{"start":{"line":57,"column":37},"end":{"line":57,"column":54}},"line":57},"4":{"name":"enabledConfidenceGrounds","decl":{"start":{"line":79,"column":16},"end":{"line":79,"column":41}},"loc":{"start":{"line":79,"column":84},"end":{"line":83,"column":null}},"line":79},"5":{"name":"(anonymous_5)","decl":{"start":{"line":81,"column":25},"end":{"line":81,"column":32}},"loc":{"start":{"line":81,"column":37},"end":{"line":81,"column":54}},"line":81},"6":{"name":"tuple","decl":{"start":{"line":95,"column":9},"end":{"line":95,"column":33}},"loc":{"start":{"line":95,"column":68},"end":{"line":99,"column":null}},"line":95},"7":{"name":"reply","decl":{"start":{"line":102,"column":9},"end":{"line":102,"column":15}},"loc":{"start":{"line":102,"column":76},"end":{"line":104,"column":null}},"line":102},"8":{"name":"handleExpress","decl":{"start":{"line":149,"column":16},"end":{"line":149,"column":null}},"loc":{"start":{"line":154,"column":11},"end":{"line":201,"column":null}},"line":154},"9":{"name":"(anonymous_9)","decl":{"start":{"line":173,"column":8},"end":{"line":173,"column":19}},"loc":{"start":{"line":173,"column":53},"end":{"line":176,"column":null}},"line":173},"10":{"name":"(anonymous_10)","decl":{"start":{"line":177,"column":8},"end":{"line":177,"column":19}},"loc":{"start":{"line":177,"column":53},"end":{"line":180,"column":null}},"line":177},"11":{"name":"registerTools","decl":{"start":{"line":213,"column":16},"end":{"line":213,"column":30}},"loc":{"start":{"line":213,"column":92},"end":{"line":350,"column":null}},"line":213},"12":{"name":"(anonymous_12)","decl":{"start":{"line":289,"column":2},"end":{"line":289,"column":6}},"loc":{"start":{"line":289,"column":15},"end":{"line":292,"column":3}},"line":289},"13":{"name":"(anonymous_13)","decl":{"start":{"line":303,"column":2},"end":{"line":303,"column":6}},"loc":{"start":{"line":303,"column":15},"end":{"line":312,"column":3}},"line":303},"14":{"name":"(anonymous_14)","decl":{"start":{"line":318,"column":2},"end":{"line":318,"column":6}},"loc":{"start":{"line":318,"column":15},"end":{"line":323,"column":3}},"line":318},"15":{"name":"(anonymous_15)","decl":{"start":{"line":335,"column":2},"end":{"line":335,"column":6}},"loc":{"start":{"line":335,"column":15},"end":{"line":348,"column":3}},"line":335}},"branchMap":{"0":{"loc":{"start":{"line":54,"column":2},"end":{"line":54,"column":null}},"type":"if","locations":[{"start":{"line":54,"column":2},"end":{"line":54,"column":null}},{"start":{},"end":{}}],"line":54},"1":{"loc":{"start":{"line":59,"column":9},"end":{"line":59,"column":null}},"type":"cond-expr","locations":[{"start":{"line":59,"column":28},"end":{"line":59,"column":36}},{"start":{"line":59,"column":36},"end":{"line":59,"column":null}}],"line":59},"2":{"loc":{"start":{"line":80,"column":9},"end":{"line":82,"column":null}},"type":"cond-expr","locations":[{"start":{"line":81,"column":6},"end":{"line":81,"column":null}},{"start":{"line":82,"column":6},"end":{"line":82,"column":null}}],"line":80},"3":{"loc":{"start":{"line":97,"column":2},"end":{"line":97,"column":null}},"type":"if","locations":[{"start":{"line":97,"column":2},"end":{"line":97,"column":null}},{"start":{},"end":{}}],"line":97},"4":{"loc":{"start":{"line":156,"column":2},"end":{"line":169,"column":null}},"type":"if","locations":[{"start":{"line":156,"column":2},"end":{"line":169,"column":null}},{"start":{},"end":{}}],"line":156},"5":{"loc":{"start":{"line":156,"column":6},"end":{"line":156,"column":67}},"type":"binary-expr","locations":[{"start":{"line":156,"column":6},"end":{"line":156,"column":36}},{"start":{"line":156,"column":36},"end":{"line":156,"column":67}}],"line":156},"6":{"loc":{"start":{"line":158,"column":4},"end":{"line":161,"column":null}},"type":"if","locations":[{"start":{"line":158,"column":4},"end":{"line":161,"column":null}},{"start":{},"end":{}}],"line":158},"7":{"loc":{"start":{"line":163,"column":4},"end":{"line":168,"column":null}},"type":"if","locations":[{"start":{"line":163,"column":4},"end":{"line":168,"column":null}},{"start":{},"end":{}}],"line":163},"8":{"loc":{"start":{"line":166,"column":25},"end":{"line":166,"column":75}},"type":"cond-expr","locations":[{"start":{"line":166,"column":43},"end":{"line":166,"column":53}},{"start":{"line":166,"column":53},"end":{"line":166,"column":75}}],"line":166},"9":{"loc":{"start":{"line":175,"column":17},"end":{"line":175,"column":null}},"type":"cond-expr","locations":[{"start":{"line":175,"column":53},"end":{"line":175,"column":57}},{"start":{"line":175,"column":57},"end":{"line":175,"column":null}}],"line":175},"10":{"loc":{"start":{"line":175,"column":17},"end":{"line":175,"column":53}},"type":"binary-expr","locations":[{"start":{"line":175,"column":17},"end":{"line":175,"column":42}},{"start":{"line":175,"column":42},"end":{"line":175,"column":53}}],"line":175},"11":{"loc":{"start":{"line":179,"column":17},"end":{"line":179,"column":null}},"type":"cond-expr","locations":[{"start":{"line":179,"column":41},"end":{"line":179,"column":45}},{"start":{"line":179,"column":45},"end":{"line":179,"column":null}}],"line":179},"12":{"loc":{"start":{"line":184,"column":21},"end":{"line":184,"column":null}},"type":"binary-expr","locations":[{"start":{"line":184,"column":21},"end":{"line":184,"column":37}},{"start":{"line":184,"column":37},"end":{"line":184,"column":55}},{"start":{"line":184,"column":55},"end":{"line":184,"column":null}}],"line":184},"13":{"loc":{"start":{"line":185,"column":21},"end":{"line":185,"column":null}},"type":"binary-expr","locations":[{"start":{"line":185,"column":21},"end":{"line":185,"column":38}},{"start":{"line":185,"column":38},"end":{"line":185,"column":null}}],"line":185},"14":{"loc":{"start":{"line":186,"column":21},"end":{"line":186,"column":null}},"type":"binary-expr","locations":[{"start":{"line":186,"column":21},"end":{"line":186,"column":39}},{"start":{"line":186,"column":39},"end":{"line":186,"column":null}}],"line":186},"15":{"loc":{"start":{"line":187,"column":21},"end":{"line":187,"column":null}},"type":"binary-expr","locations":[{"start":{"line":187,"column":21},"end":{"line":187,"column":39}},{"start":{"line":187,"column":39},"end":{"line":187,"column":null}}],"line":187},"16":{"loc":{"start":{"line":189,"column":21},"end":{"line":189,"column":null}},"type":"cond-expr","locations":[{"start":{"line":189,"column":40},"end":{"line":189,"column":53}},{"start":{"line":189,"column":53},"end":{"line":189,"column":null}}],"line":189},"17":{"loc":{"start":{"line":190,"column":21},"end":{"line":190,"column":null}},"type":"cond-expr","locations":[{"start":{"line":190,"column":40},"end":{"line":190,"column":60}},{"start":{"line":190,"column":60},"end":{"line":190,"column":null}}],"line":190},"18":{"loc":{"start":{"line":191,"column":21},"end":{"line":191,"column":null}},"type":"cond-expr","locations":[{"start":{"line":191,"column":40},"end":{"line":191,"column":55}},{"start":{"line":191,"column":55},"end":{"line":191,"column":null}}],"line":191},"19":{"loc":{"start":{"line":196,"column":21},"end":{"line":196,"column":null}},"type":"cond-expr","locations":[{"start":{"line":196,"column":46},"end":{"line":196,"column":66}},{"start":{"line":196,"column":66},"end":{"line":196,"column":null}}],"line":196},"20":{"loc":{"start":{"line":306,"column":21},"end":{"line":306,"column":null}},"type":"binary-expr","locations":[{"start":{"line":306,"column":21},"end":{"line":306,"column":38}},{"start":{"line":306,"column":38},"end":{"line":306,"column":null}}],"line":306},"21":{"loc":{"start":{"line":306,"column":38},"end":{"line":306,"column":null}},"type":"cond-expr","locations":[{"start":{"line":306,"column":81},"end":{"line":306,"column":102}},{"start":{"line":306,"column":102},"end":{"line":306,"column":null}}],"line":306},"22":{"loc":{"start":{"line":307,"column":21},"end":{"line":307,"column":null}},"type":"cond-expr","locations":[{"start":{"line":307,"column":38},"end":{"line":307,"column":45}},{"start":{"line":307,"column":45},"end":{"line":307,"column":null}}],"line":307},"23":{"loc":{"start":{"line":308,"column":42},"end":{"line":308,"column":58}},"type":"binary-expr","locations":[{"start":{"line":308,"column":42},"end":{"line":308,"column":56}},{"start":{"line":308,"column":56},"end":{"line":308,"column":58}}],"line":308},"24":{"loc":{"start":{"line":320,"column":21},"end":{"line":321,"column":null}},"type":"binary-expr","locations":[{"start":{"line":320,"column":21},"end":{"line":320,"column":null}},{"start":{"line":321,"column":16},"end":{"line":321,"column":null}}],"line":320},"25":{"loc":{"start":{"line":321,"column":16},"end":{"line":321,"column":null}},"type":"cond-expr","locations":[{"start":{"line":321,"column":61},"end":{"line":321,"column":84}},{"start":{"line":321,"column":84},"end":{"line":321,"column":null}}],"line":321},"26":{"loc":{"start":{"line":322,"column":17},"end":{"line":322,"column":91}},"type":"cond-expr","locations":[{"start":{"line":322,"column":35},"end":{"line":322,"column":47}},{"start":{"line":322,"column":47},"end":{"line":322,"column":91}}],"line":322},"27":{"loc":{"start":{"line":337,"column":4},"end":{"line":337,"column":null}},"type":"if","locations":[{"start":{"line":337,"column":4},"end":{"line":337,"column":null}},{"start":{},"end":{}}],"line":337},"28":{"loc":{"start":{"line":339,"column":4},"end":{"line":339,"column":null}},"type":"if","locations":[{"start":{"line":339,"column":4},"end":{"line":339,"column":null}},{"start":{},"end":{}}],"line":339},"29":{"loc":{"start":{"line":341,"column":4},"end":{"line":341,"column":null}},"type":"if","locations":[{"start":{"line":341,"column":4},"end":{"line":341,"column":null}},{"start":{},"end":{}}],"line":341},"30":{"loc":{"start":{"line":341,"column":42},"end":{"line":341,"column":104}},"type":"binary-expr","locations":[{"start":{"line":341,"column":42},"end":{"line":341,"column":73}},{"start":{"line":341,"column":73},"end":{"line":341,"column":104}}],"line":341},"31":{"loc":{"start":{"line":343,"column":4},"end":{"line":343,"column":null}},"type":"if","locations":[{"start":{"line":343,"column":4},"end":{"line":343,"column":null}},{"start":{},"end":{}}],"line":343}},"s":{"0":0,"1":0,"2":0,"3":0,"4":0,"5":0,"6":0,"7":0,"8":0,"9":0,"10":0,"11":0,"12":0,"13":0,"14":0,"15":0,"16":0,"17":0,"18":0,"19":0,"20":0,"21":0,"22":0,"23":0,"24":0,"25":0,"26":0,"27":0,"28":0,"29":0,"30":0,"31":0,"32":0,"33":0,"34":0,"35":0,"36":0,"37":0,"38":0,"39":0,"40":0,"41":0,"42":0,"43":0,"44":0,"45":0,"46":0,"47":0,"48":0,"49":0,"50":0,"51":0,"52":0,"53":0,"54":0,"55":0,"56":0,"57":0,"58":0,"59":0},"f":{"0":0,"1":0,"2":0,"3":0,"4":0,"5":0,"6":0,"7":0,"8":0,"9":0,"10":0,"11":0,"12":0,"13":0,"14":0,"15":0},"b":{"0":[0,0],"1":[0,0],"2":[0,0],"3":[0,0],"4":[0,0],"5":[0,0],"6":[0,0],"7":[0,0],"8":[0,0],"9":[0,0],"10":[0,0],"11":[0,0],"12":[0,0,0],"13":[0,0],"14":[0,0],"15":[0,0],"16":[0,0],"17":[0,0],"18":[0,0],"19":[0,0],"20":[0,0],"21":[0,0],"22":[0,0],"23":[0,0],"24":[0,0],"25":[0,0],"26":[0,0],"27":[0,0],"28":[0,0],"29":[0,0],"30":[0,0],"31":[0,0]},"meta":{"lastBranch":32,"lastFunction":16,"lastStatement":60,"seen":{"s:35:27:35:Infinity":0,"s:38:28:38:Infinity":1,"f:51:16:51:32":0,"s:53:14:53:Infinity":2,"b:54:2:54:Infinity:undefined:undefined:undefined:undefined":0,"s:54:2:54:Infinity":3,"s:54:22:54:39":4,"s:56:16:56:Infinity":5,"f:56:31:56:35":1,"s:56:40:56:48":6,"f:56:50:56:57":2,"s:56:62:56:70":7,"s:57:16:57:Infinity":8,"f:57:25:57:32":3,"s:57:37:57:54":9,"s:59:2:59:Infinity":10,"b:59:28:59:36:59:36:59:Infinity":1,"f:79:16:79:41":4,"s:80:2:82:Infinity":11,"b:81:6:81:Infinity:82:6:82:Infinity":2,"f:81:25:81:32":5,"s:81:37:81:54":12,"f:95:9:95:33":6,"s:96:27:96:Infinity":13,"b:97:2:97:Infinity:undefined:undefined:undefined:undefined":3,"s:97:2:97:Infinity":14,"s:97:29:97:78":15,"s:98:2:98:Infinity":16,"f:102:9:102:15":7,"s:103:2:103:Infinity":17,"f:149:16:149:Infinity":8,"b:156:2:169:Infinity:undefined:undefined:undefined:undefined":4,"s:156:2:169:Infinity":18,"b:156:6:156:36:156:36:156:67":5,"s:157:19:157:Infinity":19,"b:158:4:161:Infinity:undefined:undefined:undefined:undefined":6,"s:158:4:161:Infinity":20,"s:159:6:160:Infinity":21,"s:162:19:162:Infinity":22,"b:163:4:168:Infinity:undefined:undefined:undefined:undefined":7,"s:163:4:168:Infinity":23,"s:164:6:167:Infinity":24,"b:166:43:166:53:166:53:166:75":8,"s:171:18:171:Infinity":25,"s:172:18:172:Infinity":26,"s:173:8:176:Infinity":27,"f:173:8:173:19":9,"s:174:20:174:Infinity":28,"s:175:10:175:Infinity":29,"b:175:53:175:57:175:57:175:Infinity":9,"b:175:17:175:42:175:42:175:53":10,"s:177:8:180:Infinity":30,"f:177:8:177:19":10,"s:178:20:178:Infinity":31,"s:179:10:179:Infinity":32,"b:179:41:179:45:179:45:179:Infinity":11,"s:182:2:199:Infinity":33,"b:184:21:184:37:184:37:184:55:184:55:184:Infinity":12,"b:185:21:185:38:185:38:185:Infinity":13,"b:186:21:186:39:186:39:186:Infinity":14,"b:187:21:187:39:187:39:187:Infinity":15,"b:189:40:189:53:189:53:189:Infinity":16,"b:190:40:190:60:190:60:190:Infinity":17,"b:191:40:191:55:191:55:191:Infinity":18,"b:196:46:196:66:196:66:196:Infinity":19,"f:213:16:213:30":11,"s:215:19:215:Infinity":34,"s:216:19:216:Infinity":35,"s:218:2:292:Infinity":36,"f:289:2:289:6":12,"s:290:20:290:Infinity":37,"s:291:4:291:Infinity":38,"s:294:2:312:Infinity":39,"f:303:2:303:6":13,"s:305:21:305:Infinity":40,"s:306:21:306:Infinity":41,"b:306:21:306:38:306:38:306:Infinity":20,"b:306:81:306:102:306:102:306:Infinity":21,"s:307:21:307:Infinity":42,"b:307:38:307:45:307:45:307:Infinity":22,"s:308:21:308:Infinity":43,"b:308:42:308:56:308:56:308:58":23,"s:310:4:310:Infinity":44,"s:314:2:323:Infinity":45,"f:318:2:318:6":14,"s:319:21:319:Infinity":46,"s:320:21:321:Infinity":47,"b:320:21:320:Infinity:321:16:321:Infinity":24,"b:321:61:321:84:321:84:321:Infinity":25,"s:322:4:322:Infinity":48,"b:322:35:322:47:322:47:322:91":26,"s:325:2:348:Infinity":49,"f:335:2:335:6":15,"b:337:4:337:Infinity:undefined:undefined:undefined:undefined":27,"s:337:4:337:Infinity":50,"s:337:30:337:87":51,"b:339:4:339:Infinity:undefined:undefined:undefined:undefined":28,"s:339:4:339:Infinity":52,"s:339:34:339:92":53,"b:341:4:341:Infinity:undefined:undefined:undefined:undefined":29,"s:341:4:341:Infinity":54,"s:341:29:341:107":55,"b:341:42:341:73:341:73:341:104":30,"b:343:4:343:Infinity:undefined:undefined:undefined:undefined":31,"s:343:4:343:Infinity":56,"s:343:36:343:88":57,"s:345:4:345:Infinity":58,"s:346:4:346:Infinity":59},"fnNames":{}}}
,"C:\\Users\\john\\projects\\worktrees\\stonecypher_self-expression_feat_26-08-28_channel-extensions-42_2\\src\\ts\\tests\\helpers\\v1_fixture.ts": {"path":"C:\\Users\\john\\projects\\worktrees\\stonecypher_self-expression_feat_26-08-28_channel-extensions-42_2\\src\\ts\\tests\\helpers\\v1_fixture.ts","statementMap":{"0":{"start":{"line":17,"column":30},"end":{"line":17,"column":null}},"1":{"start":{"line":98,"column":13},"end":{"line":98,"column":null}},"2":{"start":{"line":99,"column":2},"end":{"line":101,"column":null}},"3":{"start":{"line":100,"column":4},"end":{"line":100,"column":null}},"4":{"start":{"line":102,"column":2},"end":{"line":102,"column":null}},"5":{"start":{"line":103,"column":2},"end":{"line":103,"column":null}},"6":{"start":{"line":104,"column":2},"end":{"line":104,"column":null}},"7":{"start":{"line":105,"column":2},"end":{"line":105,"column":null}},"8":{"start":{"line":126,"column":15},"end":{"line":126,"column":null}},"9":{"start":{"line":127,"column":15},"end":{"line":127,"column":null}},"10":{"start":{"line":128,"column":15},"end":{"line":128,"column":null}},"11":{"start":{"line":129,"column":2},"end":{"line":130,"column":null}},"12":{"start":{"line":129,"column":79},"end":{"line":129,"column":82}},"13":{"start":{"line":130,"column":35},"end":{"line":130,"column":51}}},"fnMap":{"0":{"name":"buildV1","decl":{"start":{"line":97,"column":16},"end":{"line":97,"column":24}},"loc":{"start":{"line":97,"column":52},"end":{"line":106,"column":null}},"line":97},"1":{"name":"insertV1","decl":{"start":{"line":120,"column":16},"end":{"line":120,"column":null}},"loc":{"start":{"line":125,"column":8},"end":{"line":131,"column":null}},"line":125},"2":{"name":"(anonymous_2)","decl":{"start":{"line":129,"column":69},"end":{"line":129,"column":79}},"loc":{"start":{"line":129,"column":79},"end":{"line":129,"column":82}},"line":129},"3":{"name":"(anonymous_3)","decl":{"start":{"line":130,"column":26},"end":{"line":130,"column":30}},"loc":{"start":{"line":130,"column":35},"end":{"line":130,"column":51}},"line":130}},"branchMap":{"0":{"loc":{"start":{"line":124,"column":2},"end":{"line":124,"column":null}},"type":"default-arg","locations":[{"start":{"line":124,"column":46},"end":{"line":124,"column":null}}],"line":124},"1":{"loc":{"start":{"line":130,"column":35},"end":{"line":130,"column":51}},"type":"binary-expr","locations":[{"start":{"line":130,"column":35},"end":{"line":130,"column":47}},{"start":{"line":130,"column":47},"end":{"line":130,"column":51}}],"line":130}},"s":{"0":1,"1":15,"2":15,"3":135,"4":15,"5":15,"6":15,"7":15,"8":92,"9":92,"10":92,"11":92,"12":1684,"13":948},"f":{"0":15,"1":92,"2":1684,"3":948},"b":{"0":[92],"1":[948,0]},"meta":{"lastBranch":2,"lastFunction":4,"lastStatement":14,"seen":{"s:17:30:17:Infinity":0,"f:97:16:97:24":0,"s:98:13:98:Infinity":1,"s:99:2:101:Infinity":2,"s:100:4:100:Infinity":3,"s:102:2:102:Infinity":4,"s:103:2:103:Infinity":5,"s:104:2:104:Infinity":6,"s:105:2:105:Infinity":7,"f:120:16:120:Infinity":1,"b:124:46:124:Infinity":0,"s:126:15:126:Infinity":8,"s:127:15:127:Infinity":9,"s:128:15:128:Infinity":10,"s:129:2:130:Infinity":11,"f:129:69:129:79":2,"s:129:79:129:82":12,"f:130:26:130:30":3,"s:130:35:130:51":13,"b:130:35:130:47:130:47:130:51":1},"fnNames":{}}}
}
